{"C:\\OU\\7\\Thesis 2\\Thesis2\\Thesis\\frontend\\thesis\\src\\App.jsx": {"path":"C:\\OU\\7\\Thesis 2\\Thesis2\\Thesis\\frontend\\thesis\\src\\App.jsx","all":true,"statementMap":{"0":{"start":{"line":1,"column":0},"end":{"line":1,"column":26}},"1":{"start":{"line":2,"column":0},"end":{"line":2,"column":59}},"2":{"start":{"line":3,"column":0},"end":{"line":3,"column":63}},"3":{"start":{"line":4,"column":0},"end":{"line":4,"column":39}},"4":{"start":{"line":5,"column":0},"end":{"line":5,"column":67}},"5":{"start":{"line":6,"column":0},"end":{"line":6,"column":61}},"6":{"start":{"line":7,"column":0},"end":{"line":7,"column":19}},"7":{"start":{"line":8,"column":0},"end":{"line":8,"column":0}},"8":{"start":{"line":9,"column":0},"end":{"line":9,"column":26}},"9":{"start":{"line":10,"column":0},"end":{"line":10,"column":45}},"10":{"start":{"line":11,"column":0},"end":{"line":11,"column":0}},"11":{"start":{"line":12,"column":0},"end":{"line":12,"column":16}},"12":{"start":{"line":13,"column":0},"end":{"line":13,"column":53}},"13":{"start":{"line":14,"column":0},"end":{"line":14,"column":3}},"14":{"start":{"line":15,"column":0},"end":{"line":15,"column":0}},"15":{"start":{"line":16,"column":0},"end":{"line":16,"column":10}},"16":{"start":{"line":17,"column":0},"end":{"line":17,"column":12}},"17":{"start":{"line":18,"column":0},"end":{"line":18,"column":63}},"18":{"start":{"line":19,"column":0},"end":{"line":19,"column":12}},"19":{"start":{"line":20,"column":0},"end":{"line":20,"column":16}},"20":{"start":{"line":21,"column":0},"end":{"line":21,"column":17}},"21":{"start":{"line":22,"column":0},"end":{"line":22,"column":18}},"22":{"start":{"line":23,"column":0},"end":{"line":23,"column":50}},"23":{"start":{"line":24,"column":0},"end":{"line":24,"column":15}},"24":{"start":{"line":25,"column":0},"end":{"line":25,"column":44}},"25":{"start":{"line":26,"column":0},"end":{"line":26,"column":11}},"26":{"start":{"line":27,"column":0},"end":{"line":27,"column":9}},"27":{"start":{"line":28,"column":0},"end":{"line":28,"column":8}},"28":{"start":{"line":29,"column":0},"end":{"line":29,"column":0}},"29":{"start":{"line":30,"column":0},"end":{"line":30,"column":59}},"30":{"start":{"line":31,"column":0},"end":{"line":31,"column":12}},"31":{"start":{"line":32,"column":0},"end":{"line":32,"column":27}},"32":{"start":{"line":33,"column":0},"end":{"line":33,"column":70}},"33":{"start":{"line":34,"column":0},"end":{"line":34,"column":8}},"34":{"start":{"line":35,"column":0},"end":{"line":35,"column":0}},"35":{"start":{"line":36,"column":0},"end":{"line":36,"column":35}},"36":{"start":{"line":37,"column":0},"end":{"line":37,"column":12}},"37":{"start":{"line":38,"column":0},"end":{"line":38,"column":31}},"38":{"start":{"line":39,"column":0},"end":{"line":39,"column":67}},"39":{"start":{"line":40,"column":0},"end":{"line":40,"column":8}},"40":{"start":{"line":41,"column":0},"end":{"line":41,"column":0}},"41":{"start":{"line":42,"column":0},"end":{"line":42,"column":82}},"42":{"start":{"line":43,"column":0},"end":{"line":43,"column":12}},"43":{"start":{"line":44,"column":0},"end":{"line":44,"column":16}},"44":{"start":{"line":45,"column":0},"end":{"line":45,"column":71}},"45":{"start":{"line":46,"column":0},"end":{"line":46,"column":8}},"46":{"start":{"line":47,"column":0},"end":{"line":47,"column":13}},"47":{"start":{"line":48,"column":0},"end":{"line":48,"column":4}},"48":{"start":{"line":49,"column":0},"end":{"line":49,"column":2}},"49":{"start":{"line":50,"column":0},"end":{"line":50,"column":0}},"50":{"start":{"line":51,"column":0},"end":{"line":51,"column":16}},"51":{"start":{"line":52,"column":0},"end":{"line":52,"column":10}},"52":{"start":{"line":53,"column":0},"end":{"line":53,"column":18}},"53":{"start":{"line":54,"column":0},"end":{"line":54,"column":20}},"54":{"start":{"line":55,"column":0},"end":{"line":55,"column":19}},"55":{"start":{"line":56,"column":0},"end":{"line":56,"column":4}},"56":{"start":{"line":57,"column":0},"end":{"line":57,"column":1}},"57":{"start":{"line":58,"column":0},"end":{"line":58,"column":0}},"58":{"start":{"line":59,"column":0},"end":{"line":59,"column":19}}},"s":{"0":0,"1":0,"2":0,"3":0,"4":0,"5":0,"6":0,"7":0,"8":0,"9":0,"10":0,"11":0,"12":0,"13":0,"14":0,"15":0,"16":0,"17":0,"18":0,"19":0,"20":0,"21":0,"22":0,"23":0,"24":0,"25":0,"26":0,"27":0,"28":0,"29":0,"30":0,"31":0,"32":0,"33":0,"34":0,"35":0,"36":0,"37":0,"38":0,"39":0,"40":0,"41":0,"42":0,"43":0,"44":0,"45":0,"46":0,"47":0,"48":0,"49":0,"50":0,"51":0,"52":0,"53":0,"54":0,"55":0,"56":0,"57":0,"58":0},"branchMap":{"0":{"type":"branch","line":1,"loc":{"start":{"line":1,"column":0},"end":{"line":59,"column":19}},"locations":[{"start":{"line":1,"column":0},"end":{"line":59,"column":19}}]}},"b":{"0":[0]},"fnMap":{"0":{"name":"(empty-report)","decl":{"start":{"line":1,"column":0},"end":{"line":59,"column":19}},"loc":{"start":{"line":1,"column":0},"end":{"line":59,"column":19}},"line":1}},"f":{"0":0}}
,"C:\\OU\\7\\Thesis 2\\Thesis2\\Thesis\\frontend\\thesis\\src\\components\\CreateSimulation.jsx": {"path":"C:\\OU\\7\\Thesis 2\\Thesis2\\Thesis\\frontend\\thesis\\src\\components\\CreateSimulation.jsx","all":false,"statementMap":{"0":{"start":{"line":1,"column":0},"end":{"line":1,"column":51}},"1":{"start":{"line":2,"column":0},"end":{"line":2,"column":53}},"2":{"start":{"line":3,"column":0},"end":{"line":3,"column":50}},"3":{"start":{"line":4,"column":0},"end":{"line":4,"column":39}},"4":{"start":{"line":5,"column":0},"end":{"line":5,"column":29}},"8":{"start":{"line":9,"column":0},"end":{"line":9,"column":60}},"9":{"start":{"line":10,"column":0},"end":{"line":10,"column":32}},"11":{"start":{"line":12,"column":0},"end":{"line":12,"column":32}},"12":{"start":{"line":13,"column":0},"end":{"line":13,"column":33}},"13":{"start":{"line":14,"column":0},"end":{"line":14,"column":37}},"15":{"start":{"line":16,"column":0},"end":{"line":16,"column":68}},"16":{"start":{"line":17,"column":0},"end":{"line":17,"column":59}},"17":{"start":{"line":18,"column":0},"end":{"line":18,"column":47}},"18":{"start":{"line":19,"column":0},"end":{"line":19,"column":68}},"19":{"start":{"line":20,"column":0},"end":{"line":20,"column":54}},"20":{"start":{"line":21,"column":0},"end":{"line":21,"column":41}},"21":{"start":{"line":22,"column":0},"end":{"line":22,"column":45}},"24":{"start":{"line":25,"column":0},"end":{"line":25,"column":64}},"25":{"start":{"line":26,"column":0},"end":{"line":26,"column":57}},"28":{"start":{"line":29,"column":0},"end":{"line":29,"column":19}},"29":{"start":{"line":30,"column":0},"end":{"line":30,"column":16}},"30":{"start":{"line":31,"column":0},"end":{"line":31,"column":20}},"31":{"start":{"line":32,"column":0},"end":{"line":32,"column":5}},"32":{"start":{"line":33,"column":0},"end":{"line":33,"column":23}},"35":{"start":{"line":36,"column":0},"end":{"line":36,"column":19}},"36":{"start":{"line":37,"column":0},"end":{"line":37,"column":40}},"38":{"start":{"line":39,"column":0},"end":{"line":39,"column":61}},"39":{"start":{"line":40,"column":0},"end":{"line":40,"column":47}},"40":{"start":{"line":41,"column":0},"end":{"line":41,"column":44}},"42":{"start":{"line":43,"column":0},"end":{"line":43,"column":40}},"45":{"start":{"line":46,"column":0},"end":{"line":46,"column":26}},"46":{"start":{"line":47,"column":0},"end":{"line":47,"column":45}},"47":{"start":{"line":48,"column":0},"end":{"line":48,"column":66}},"48":{"start":{"line":49,"column":0},"end":{"line":49,"column":9}},"49":{"start":{"line":50,"column":0},"end":{"line":50,"column":28}},"50":{"start":{"line":51,"column":0},"end":{"line":51,"column":56}},"52":{"start":{"line":53,"column":0},"end":{"line":53,"column":62}},"53":{"start":{"line":54,"column":0},"end":{"line":54,"column":30}},"54":{"start":{"line":55,"column":0},"end":{"line":55,"column":32}},"56":{"start":{"line":57,"column":0},"end":{"line":57,"column":65}},"57":{"start":{"line":58,"column":0},"end":{"line":58,"column":42}},"58":{"start":{"line":59,"column":0},"end":{"line":59,"column":33}},"59":{"start":{"line":60,"column":0},"end":{"line":60,"column":9}},"61":{"start":{"line":62,"column":0},"end":{"line":62,"column":32}},"62":{"start":{"line":63,"column":0},"end":{"line":63,"column":40}},"63":{"start":{"line":64,"column":0},"end":{"line":64,"column":5}},"64":{"start":{"line":65,"column":0},"end":{"line":65,"column":25}},"66":{"start":{"line":67,"column":0},"end":{"line":67,"column":44}},"67":{"start":{"line":68,"column":0},"end":{"line":68,"column":46}},"68":{"start":{"line":69,"column":0},"end":{"line":69,"column":63}},"70":{"start":{"line":71,"column":0},"end":{"line":71,"column":45}},"72":{"start":{"line":73,"column":0},"end":{"line":73,"column":71}},"74":{"start":{"line":75,"column":0},"end":{"line":75,"column":29}},"75":{"start":{"line":76,"column":0},"end":{"line":76,"column":36}},"76":{"start":{"line":77,"column":0},"end":{"line":77,"column":34}},"77":{"start":{"line":78,"column":0},"end":{"line":78,"column":23}},"78":{"start":{"line":79,"column":0},"end":{"line":79,"column":9}},"79":{"start":{"line":80,"column":0},"end":{"line":80,"column":12}},"81":{"start":{"line":82,"column":0},"end":{"line":82,"column":56}},"83":{"start":{"line":84,"column":0},"end":{"line":84,"column":30}},"84":{"start":{"line":85,"column":0},"end":{"line":85,"column":16}},"85":{"start":{"line":86,"column":0},"end":{"line":86,"column":35}},"86":{"start":{"line":87,"column":0},"end":{"line":87,"column":10}},"87":{"start":{"line":88,"column":0},"end":{"line":88,"column":5}},"88":{"start":{"line":89,"column":0},"end":{"line":89,"column":4}},"90":{"start":{"line":91,"column":0},"end":{"line":91,"column":36}},"91":{"start":{"line":92,"column":0},"end":{"line":92,"column":37}},"92":{"start":{"line":93,"column":0},"end":{"line":93,"column":41}},"94":{"start":{"line":95,"column":0},"end":{"line":95,"column":31}},"95":{"start":{"line":96,"column":0},"end":{"line":96,"column":50}},"96":{"start":{"line":97,"column":0},"end":{"line":97,"column":41}},"97":{"start":{"line":98,"column":0},"end":{"line":98,"column":5}},"99":{"start":{"line":100,"column":0},"end":{"line":100,"column":28}},"100":{"start":{"line":101,"column":0},"end":{"line":101,"column":14}},"101":{"start":{"line":102,"column":0},"end":{"line":102,"column":29}},"102":{"start":{"line":103,"column":0},"end":{"line":103,"column":8}},"103":{"start":{"line":104,"column":0},"end":{"line":104,"column":4}},"105":{"start":{"line":106,"column":0},"end":{"line":106,"column":37}},"106":{"start":{"line":107,"column":0},"end":{"line":107,"column":23}},"107":{"start":{"line":108,"column":0},"end":{"line":108,"column":17}},"108":{"start":{"line":109,"column":0},"end":{"line":109,"column":19}},"109":{"start":{"line":110,"column":0},"end":{"line":110,"column":24}},"111":{"start":{"line":112,"column":0},"end":{"line":112,"column":9}},"113":{"start":{"line":114,"column":0},"end":{"line":114,"column":61}},"114":{"start":{"line":115,"column":0},"end":{"line":115,"column":47}},"115":{"start":{"line":116,"column":0},"end":{"line":116,"column":44}},"117":{"start":{"line":118,"column":0},"end":{"line":118,"column":46}},"118":{"start":{"line":119,"column":0},"end":{"line":119,"column":12}},"119":{"start":{"line":120,"column":0},"end":{"line":120,"column":32}},"120":{"start":{"line":121,"column":0},"end":{"line":121,"column":63}},"121":{"start":{"line":122,"column":0},"end":{"line":122,"column":11}},"122":{"start":{"line":123,"column":0},"end":{"line":123,"column":77}},"123":{"start":{"line":124,"column":0},"end":{"line":124,"column":9}},"124":{"start":{"line":125,"column":0},"end":{"line":125,"column":7}},"126":{"start":{"line":127,"column":0},"end":{"line":127,"column":65}},"127":{"start":{"line":128,"column":0},"end":{"line":128,"column":75}},"128":{"start":{"line":129,"column":0},"end":{"line":129,"column":7}},"131":{"start":{"line":132,"column":0},"end":{"line":132,"column":27}},"132":{"start":{"line":133,"column":0},"end":{"line":133,"column":72}},"133":{"start":{"line":134,"column":0},"end":{"line":134,"column":49}},"134":{"start":{"line":135,"column":0},"end":{"line":135,"column":53}},"135":{"start":{"line":136,"column":0},"end":{"line":136,"column":16}},"136":{"start":{"line":137,"column":0},"end":{"line":137,"column":47}},"137":{"start":{"line":138,"column":0},"end":{"line":138,"column":9}},"138":{"start":{"line":139,"column":0},"end":{"line":139,"column":9}},"141":{"start":{"line":142,"column":0},"end":{"line":142,"column":67}},"142":{"start":{"line":143,"column":0},"end":{"line":143,"column":23}},"143":{"start":{"line":144,"column":0},"end":{"line":144,"column":30}},"144":{"start":{"line":145,"column":0},"end":{"line":145,"column":36}},"145":{"start":{"line":146,"column":0},"end":{"line":146,"column":37}},"146":{"start":{"line":147,"column":0},"end":{"line":147,"column":37}},"147":{"start":{"line":148,"column":0},"end":{"line":148,"column":11}},"148":{"start":{"line":149,"column":0},"end":{"line":149,"column":9}},"150":{"start":{"line":151,"column":0},"end":{"line":151,"column":29}},"151":{"start":{"line":152,"column":0},"end":{"line":152,"column":19}},"152":{"start":{"line":153,"column":0},"end":{"line":153,"column":77}},"153":{"start":{"line":154,"column":0},"end":{"line":154,"column":10}},"156":{"start":{"line":157,"column":0},"end":{"line":157,"column":26}},"157":{"start":{"line":158,"column":0},"end":{"line":158,"column":35}},"158":{"start":{"line":159,"column":0},"end":{"line":159,"column":17}},"159":{"start":{"line":160,"column":0},"end":{"line":160,"column":7}},"160":{"start":{"line":161,"column":0},"end":{"line":161,"column":19}},"161":{"start":{"line":162,"column":0},"end":{"line":162,"column":62}},"162":{"start":{"line":163,"column":0},"end":{"line":163,"column":15}},"163":{"start":{"line":164,"column":0},"end":{"line":164,"column":27}},"164":{"start":{"line":165,"column":0},"end":{"line":165,"column":5}},"165":{"start":{"line":166,"column":0},"end":{"line":166,"column":4}},"168":{"start":{"line":169,"column":0},"end":{"line":169,"column":50}},"169":{"start":{"line":170,"column":0},"end":{"line":170,"column":21}},"170":{"start":{"line":171,"column":0},"end":{"line":171,"column":58}},"171":{"start":{"line":172,"column":0},"end":{"line":172,"column":36}},"172":{"start":{"line":173,"column":0},"end":{"line":173,"column":9}},"173":{"start":{"line":174,"column":0},"end":{"line":174,"column":6}},"174":{"start":{"line":175,"column":0},"end":{"line":175,"column":22}},"175":{"start":{"line":176,"column":0},"end":{"line":176,"column":31}},"176":{"start":{"line":177,"column":0},"end":{"line":177,"column":13}},"177":{"start":{"line":178,"column":0},"end":{"line":178,"column":4}},"179":{"start":{"line":180,"column":0},"end":{"line":180,"column":35}},"180":{"start":{"line":181,"column":0},"end":{"line":181,"column":30}},"181":{"start":{"line":182,"column":0},"end":{"line":182,"column":4}},"183":{"start":{"line":184,"column":0},"end":{"line":184,"column":38}},"184":{"start":{"line":185,"column":0},"end":{"line":185,"column":46}},"185":{"start":{"line":186,"column":0},"end":{"line":186,"column":28}},"188":{"start":{"line":189,"column":0},"end":{"line":189,"column":26}},"189":{"start":{"line":190,"column":0},"end":{"line":190,"column":61}},"190":{"start":{"line":191,"column":0},"end":{"line":191,"column":53}},"191":{"start":{"line":192,"column":0},"end":{"line":192,"column":20}},"192":{"start":{"line":193,"column":0},"end":{"line":193,"column":7}},"193":{"start":{"line":194,"column":0},"end":{"line":194,"column":5}},"195":{"start":{"line":196,"column":0},"end":{"line":196,"column":12}},"196":{"start":{"line":197,"column":0},"end":{"line":197,"column":50}},"197":{"start":{"line":198,"column":0},"end":{"line":198,"column":35}},"198":{"start":{"line":199,"column":0},"end":{"line":199,"column":23}},"199":{"start":{"line":200,"column":0},"end":{"line":200,"column":66}},"200":{"start":{"line":201,"column":0},"end":{"line":201,"column":16}},"202":{"start":{"line":203,"column":0},"end":{"line":203,"column":36}},"203":{"start":{"line":204,"column":0},"end":{"line":204,"column":17}},"204":{"start":{"line":205,"column":0},"end":{"line":205,"column":26}},"205":{"start":{"line":206,"column":0},"end":{"line":206,"column":28}},"206":{"start":{"line":207,"column":0},"end":{"line":207,"column":62}},"207":{"start":{"line":208,"column":0},"end":{"line":208,"column":40}},"208":{"start":{"line":209,"column":0},"end":{"line":209,"column":37}},"210":{"start":{"line":211,"column":0},"end":{"line":211,"column":63}},"211":{"start":{"line":212,"column":0},"end":{"line":212,"column":44}},"212":{"start":{"line":213,"column":0},"end":{"line":213,"column":50}},"213":{"start":{"line":214,"column":0},"end":{"line":214,"column":24}},"214":{"start":{"line":215,"column":0},"end":{"line":215,"column":23}},"215":{"start":{"line":216,"column":0},"end":{"line":216,"column":15}},"216":{"start":{"line":217,"column":0},"end":{"line":217,"column":19}},"218":{"start":{"line":219,"column":0},"end":{"line":219,"column":16}},"219":{"start":{"line":220,"column":0},"end":{"line":220,"column":29}},"220":{"start":{"line":221,"column":0},"end":{"line":221,"column":26}},"221":{"start":{"line":222,"column":0},"end":{"line":222,"column":28}},"222":{"start":{"line":223,"column":0},"end":{"line":223,"column":19}},"223":{"start":{"line":224,"column":0},"end":{"line":224,"column":79}},"224":{"start":{"line":225,"column":0},"end":{"line":225,"column":37}},"225":{"start":{"line":226,"column":0},"end":{"line":226,"column":20}},"227":{"start":{"line":228,"column":0},"end":{"line":228,"column":40}},"228":{"start":{"line":229,"column":0},"end":{"line":229,"column":27}},"229":{"start":{"line":230,"column":0},"end":{"line":230,"column":27}},"230":{"start":{"line":231,"column":0},"end":{"line":231,"column":29}},"231":{"start":{"line":232,"column":0},"end":{"line":232,"column":37}},"232":{"start":{"line":233,"column":0},"end":{"line":233,"column":12}},"234":{"start":{"line":235,"column":0},"end":{"line":235,"column":12}},"236":{"start":{"line":237,"column":0},"end":{"line":237,"column":4}},"238":{"start":{"line":239,"column":0},"end":{"line":239,"column":14}},"239":{"start":{"line":240,"column":0},"end":{"line":240,"column":16}},"240":{"start":{"line":241,"column":0},"end":{"line":241,"column":3}},"242":{"start":{"line":243,"column":0},"end":{"line":243,"column":10}},"243":{"start":{"line":244,"column":0},"end":{"line":244,"column":39}},"245":{"start":{"line":246,"column":0},"end":{"line":246,"column":38}},"246":{"start":{"line":247,"column":0},"end":{"line":247,"column":34}},"247":{"start":{"line":248,"column":0},"end":{"line":248,"column":55}},"249":{"start":{"line":250,"column":0},"end":{"line":250,"column":17}},"250":{"start":{"line":251,"column":0},"end":{"line":251,"column":77}},"252":{"start":{"line":253,"column":0},"end":{"line":253,"column":17}},"253":{"start":{"line":254,"column":0},"end":{"line":254,"column":14}},"255":{"start":{"line":256,"column":0},"end":{"line":256,"column":35}},"256":{"start":{"line":257,"column":0},"end":{"line":257,"column":69}},"257":{"start":{"line":258,"column":0},"end":{"line":258,"column":65}},"259":{"start":{"line":260,"column":0},"end":{"line":260,"column":19}},"260":{"start":{"line":261,"column":0},"end":{"line":261,"column":14}},"261":{"start":{"line":262,"column":0},"end":{"line":262,"column":12}},"264":{"start":{"line":265,"column":0},"end":{"line":265,"column":38}},"265":{"start":{"line":266,"column":0},"end":{"line":266,"column":37}},"266":{"start":{"line":267,"column":0},"end":{"line":267,"column":63}},"267":{"start":{"line":268,"column":0},"end":{"line":268,"column":42}},"268":{"start":{"line":269,"column":0},"end":{"line":269,"column":19}},"269":{"start":{"line":270,"column":0},"end":{"line":270,"column":27}},"270":{"start":{"line":271,"column":0},"end":{"line":271,"column":54}},"271":{"start":{"line":272,"column":0},"end":{"line":272,"column":39}},"272":{"start":{"line":273,"column":0},"end":{"line":273,"column":35}},"273":{"start":{"line":274,"column":0},"end":{"line":274,"column":13}},"275":{"start":{"line":276,"column":0},"end":{"line":276,"column":21}},"276":{"start":{"line":277,"column":0},"end":{"line":277,"column":16}},"277":{"start":{"line":278,"column":0},"end":{"line":278,"column":14}},"280":{"start":{"line":281,"column":0},"end":{"line":281,"column":27}},"281":{"start":{"line":282,"column":0},"end":{"line":282,"column":79}},"284":{"start":{"line":285,"column":0},"end":{"line":285,"column":66}},"286":{"start":{"line":287,"column":0},"end":{"line":287,"column":40}},"287":{"start":{"line":288,"column":0},"end":{"line":288,"column":32}},"288":{"start":{"line":289,"column":0},"end":{"line":289,"column":49}},"289":{"start":{"line":290,"column":0},"end":{"line":290,"column":52}},"290":{"start":{"line":291,"column":0},"end":{"line":291,"column":45}},"291":{"start":{"line":292,"column":0},"end":{"line":292,"column":47}},"292":{"start":{"line":293,"column":0},"end":{"line":293,"column":14}},"293":{"start":{"line":294,"column":0},"end":{"line":294,"column":16}},"296":{"start":{"line":297,"column":0},"end":{"line":297,"column":40}},"297":{"start":{"line":298,"column":0},"end":{"line":298,"column":42}},"298":{"start":{"line":299,"column":0},"end":{"line":299,"column":45}},"299":{"start":{"line":300,"column":0},"end":{"line":300,"column":73}},"300":{"start":{"line":301,"column":0},"end":{"line":301,"column":18}},"301":{"start":{"line":302,"column":0},"end":{"line":302,"column":45}},"302":{"start":{"line":303,"column":0},"end":{"line":303,"column":47}},"304":{"start":{"line":305,"column":0},"end":{"line":305,"column":18}},"306":{"start":{"line":307,"column":0},"end":{"line":307,"column":16}},"309":{"start":{"line":310,"column":0},"end":{"line":310,"column":54}},"310":{"start":{"line":311,"column":0},"end":{"line":311,"column":40}},"311":{"start":{"line":312,"column":0},"end":{"line":312,"column":40}},"312":{"start":{"line":313,"column":0},"end":{"line":313,"column":51}},"314":{"start":{"line":315,"column":0},"end":{"line":315,"column":22}},"315":{"start":{"line":316,"column":0},"end":{"line":316,"column":20}},"316":{"start":{"line":317,"column":0},"end":{"line":317,"column":29}},"317":{"start":{"line":318,"column":0},"end":{"line":318,"column":40}},"318":{"start":{"line":319,"column":0},"end":{"line":319,"column":43}},"319":{"start":{"line":320,"column":0},"end":{"line":320,"column":32}},"320":{"start":{"line":321,"column":0},"end":{"line":321,"column":71}},"322":{"start":{"line":323,"column":0},"end":{"line":323,"column":23}},"323":{"start":{"line":324,"column":0},"end":{"line":324,"column":25}},"324":{"start":{"line":325,"column":0},"end":{"line":325,"column":16}},"325":{"start":{"line":326,"column":0},"end":{"line":326,"column":74}},"326":{"start":{"line":327,"column":0},"end":{"line":327,"column":18}},"327":{"start":{"line":328,"column":0},"end":{"line":328,"column":16}},"330":{"start":{"line":331,"column":0},"end":{"line":331,"column":65}},"331":{"start":{"line":332,"column":0},"end":{"line":332,"column":71}},"334":{"start":{"line":335,"column":0},"end":{"line":335,"column":40}},"335":{"start":{"line":336,"column":0},"end":{"line":336,"column":62}},"337":{"start":{"line":338,"column":0},"end":{"line":338,"column":19}},"338":{"start":{"line":339,"column":0},"end":{"line":339,"column":19}},"339":{"start":{"line":340,"column":0},"end":{"line":340,"column":27}},"340":{"start":{"line":341,"column":0},"end":{"line":341,"column":39}},"341":{"start":{"line":342,"column":0},"end":{"line":342,"column":24}},"342":{"start":{"line":343,"column":0},"end":{"line":343,"column":29}},"343":{"start":{"line":344,"column":0},"end":{"line":344,"column":78}},"346":{"start":{"line":347,"column":0},"end":{"line":347,"column":25}},"347":{"start":{"line":348,"column":0},"end":{"line":348,"column":68}},"348":{"start":{"line":349,"column":0},"end":{"line":349,"column":61}},"349":{"start":{"line":350,"column":0},"end":{"line":350,"column":54}},"350":{"start":{"line":351,"column":0},"end":{"line":351,"column":21}},"351":{"start":{"line":352,"column":0},"end":{"line":352,"column":21}},"352":{"start":{"line":353,"column":0},"end":{"line":353,"column":16}},"353":{"start":{"line":354,"column":0},"end":{"line":354,"column":15}},"356":{"start":{"line":357,"column":0},"end":{"line":357,"column":30}},"357":{"start":{"line":358,"column":0},"end":{"line":358,"column":34}},"358":{"start":{"line":359,"column":0},"end":{"line":359,"column":37}},"359":{"start":{"line":360,"column":0},"end":{"line":360,"column":41}},"360":{"start":{"line":361,"column":0},"end":{"line":361,"column":10}},"361":{"start":{"line":362,"column":0},"end":{"line":362,"column":12}},"362":{"start":{"line":363,"column":0},"end":{"line":363,"column":10}},"364":{"start":{"line":365,"column":0},"end":{"line":365,"column":2}},"366":{"start":{"line":367,"column":0},"end":{"line":367,"column":32}}},"s":{"0":1,"1":1,"2":1,"3":1,"4":1,"8":1,"9":1,"11":1,"12":37,"13":37,"15":37,"16":37,"17":37,"18":37,"19":37,"20":37,"21":37,"24":37,"25":37,"28":37,"29":11,"30":1,"31":1,"32":37,"35":37,"36":14,"38":2,"39":2,"40":2,"42":2,"45":2,"46":2,"47":2,"48":2,"49":2,"50":14,"52":12,"53":12,"54":12,"56":12,"57":79,"58":79,"59":12,"61":12,"62":12,"63":12,"64":37,"66":37,"67":0,"68":0,"70":0,"72":0,"74":0,"75":0,"76":0,"77":0,"78":0,"79":0,"81":0,"83":0,"84":0,"85":0,"86":0,"87":0,"88":0,"90":37,"91":1,"92":1,"94":1,"95":1,"96":0,"97":0,"99":1,"100":1,"101":1,"102":1,"103":1,"105":37,"106":4,"107":4,"108":4,"109":4,"111":4,"113":4,"114":4,"115":4,"117":4,"118":4,"119":4,"120":4,"121":4,"122":0,"123":0,"124":4,"126":4,"127":0,"128":0,"131":4,"132":4,"133":76,"134":24,"135":76,"136":52,"137":52,"138":4,"141":4,"142":4,"143":4,"144":4,"145":4,"146":4,"147":4,"148":4,"150":3,"151":3,"152":3,"153":3,"156":3,"157":1,"158":3,"159":3,"160":4,"161":1,"162":4,"163":4,"164":4,"165":4,"168":37,"169":0,"170":0,"171":0,"172":0,"173":0,"174":0,"175":0,"176":0,"177":0,"179":37,"180":0,"181":0,"183":37,"184":147,"185":147,"188":147,"189":1,"190":1,"191":0,"192":0,"193":1,"195":147,"196":147,"197":147,"198":147,"199":147,"200":147,"202":147,"203":26,"204":26,"205":26,"206":26,"207":26,"208":26,"210":26,"211":26,"212":59,"213":59,"214":59,"215":26,"216":26,"218":121,"219":121,"220":121,"221":121,"222":121,"223":121,"224":121,"225":0,"227":121,"228":121,"229":121,"230":121,"231":121,"232":121,"234":147,"236":147,"238":37,"239":2,"240":2,"242":35,"243":35,"245":35,"246":35,"247":35,"249":35,"250":35,"252":35,"253":35,"255":35,"256":35,"257":35,"259":35,"260":35,"261":35,"264":35,"265":35,"266":35,"267":35,"268":35,"269":35,"270":35,"271":35,"272":35,"273":35,"275":35,"276":35,"277":35,"280":35,"281":0,"284":37,"286":37,"287":37,"288":37,"289":37,"290":37,"291":37,"292":37,"293":37,"296":37,"297":37,"298":37,"299":37,"300":37,"301":37,"302":10,"304":10,"306":37,"309":37,"310":37,"311":37,"312":37,"314":37,"315":37,"316":37,"317":37,"318":37,"319":37,"320":1,"322":37,"323":37,"324":37,"325":37,"326":37,"327":37,"330":37,"331":37,"334":37,"335":37,"337":37,"338":37,"339":37,"340":37,"341":37,"342":37,"343":31,"346":37,"347":4,"348":31,"349":31,"350":31,"351":37,"352":37,"353":37,"356":37,"357":37,"358":37,"359":37,"360":37,"361":37,"362":37,"364":37,"366":1},"branchMap":{"0":{"type":"branch","line":12,"loc":{"start":{"line":12,"column":25},"end":{"line":365,"column":2}},"locations":[{"start":{"line":12,"column":25},"end":{"line":365,"column":2}}]},"1":{"type":"branch","line":239,"loc":{"start":{"line":239,"column":13},"end":{"line":241,"column":3}},"locations":[{"start":{"line":239,"column":13},"end":{"line":241,"column":3}}]},"2":{"type":"branch","line":241,"loc":{"start":{"line":241,"column":2},"end":{"line":281,"column":27}},"locations":[{"start":{"line":241,"column":2},"end":{"line":281,"column":27}}]},"3":{"type":"branch","line":281,"loc":{"start":{"line":281,"column":9},"end":{"line":282,"column":79}},"locations":[{"start":{"line":281,"column":9},"end":{"line":282,"column":79}}]},"4":{"type":"branch","line":302,"loc":{"start":{"line":302,"column":39},"end":{"line":305,"column":18}},"locations":[{"start":{"line":302,"column":39},"end":{"line":305,"column":18}}]},"5":{"type":"branch","line":331,"loc":{"start":{"line":331,"column":11},"end":{"line":331,"column":65}},"locations":[{"start":{"line":331,"column":11},"end":{"line":331,"column":65}}]},"6":{"type":"branch","line":332,"loc":{"start":{"line":332,"column":11},"end":{"line":332,"column":71}},"locations":[{"start":{"line":332,"column":11},"end":{"line":332,"column":71}}]},"7":{"type":"branch","line":343,"loc":{"start":{"line":343,"column":16},"end":{"line":344,"column":78}},"locations":[{"start":{"line":343,"column":16},"end":{"line":344,"column":78}}]},"8":{"type":"branch","line":344,"loc":{"start":{"line":344,"column":38},"end":{"line":344,"column":78}},"locations":[{"start":{"line":344,"column":38},"end":{"line":344,"column":78}}]},"9":{"type":"branch","line":347,"loc":{"start":{"line":347,"column":15},"end":{"line":348,"column":68}},"locations":[{"start":{"line":347,"column":15},"end":{"line":348,"column":68}}]},"10":{"type":"branch","line":348,"loc":{"start":{"line":348,"column":49},"end":{"line":351,"column":21}},"locations":[{"start":{"line":348,"column":49},"end":{"line":351,"column":21}}]},"11":{"type":"branch","line":350,"loc":{"start":{"line":350,"column":42},"end":{"line":350,"column":52}},"locations":[{"start":{"line":350,"column":42},"end":{"line":350,"column":52}}]},"12":{"type":"branch","line":350,"loc":{"start":{"line":350,"column":46},"end":{"line":350,"column":54}},"locations":[{"start":{"line":350,"column":46},"end":{"line":350,"column":54}}]},"13":{"type":"branch","line":29,"loc":{"start":{"line":29,"column":12},"end":{"line":33,"column":5}},"locations":[{"start":{"line":29,"column":12},"end":{"line":33,"column":5}}]},"14":{"type":"branch","line":30,"loc":{"start":{"line":30,"column":15},"end":{"line":32,"column":5}},"locations":[{"start":{"line":30,"column":15},"end":{"line":32,"column":5}}]},"15":{"type":"branch","line":36,"loc":{"start":{"line":36,"column":12},"end":{"line":65,"column":5}},"locations":[{"start":{"line":36,"column":12},"end":{"line":65,"column":5}}]},"16":{"type":"branch","line":37,"loc":{"start":{"line":37,"column":39},"end":{"line":51,"column":15}},"locations":[{"start":{"line":37,"column":39},"end":{"line":51,"column":15}}]},"17":{"type":"branch","line":51,"loc":{"start":{"line":51,"column":4},"end":{"line":64,"column":5}},"locations":[{"start":{"line":51,"column":4},"end":{"line":64,"column":5}}]},"18":{"type":"branch","line":40,"loc":{"start":{"line":40,"column":16},"end":{"line":40,"column":46}},"locations":[{"start":{"line":40,"column":16},"end":{"line":40,"column":46}}]},"19":{"type":"branch","line":41,"loc":{"start":{"line":41,"column":13},"end":{"line":41,"column":42}},"locations":[{"start":{"line":41,"column":13},"end":{"line":41,"column":42}}]},"20":{"type":"branch","line":47,"loc":{"start":{"line":47,"column":29},"end":{"line":49,"column":7}},"locations":[{"start":{"line":47,"column":29},"end":{"line":49,"column":7}}]},"21":{"type":"branch","line":57,"loc":{"start":{"line":57,"column":46},"end":{"line":60,"column":7}},"locations":[{"start":{"line":57,"column":46},"end":{"line":60,"column":7}}]},"22":{"type":"branch","line":91,"loc":{"start":{"line":91,"column":28},"end":{"line":104,"column":4}},"locations":[{"start":{"line":91,"column":28},"end":{"line":104,"column":4}}]},"23":{"type":"branch","line":96,"loc":{"start":{"line":96,"column":23},"end":{"line":96,"column":49}},"locations":[{"start":{"line":96,"column":23},"end":{"line":96,"column":49}}]},"24":{"type":"branch","line":96,"loc":{"start":{"line":96,"column":49},"end":{"line":98,"column":5}},"locations":[{"start":{"line":96,"column":49},"end":{"line":98,"column":5}}]},"25":{"type":"branch","line":100,"loc":{"start":{"line":100,"column":16},"end":{"line":103,"column":6}},"locations":[{"start":{"line":100,"column":16},"end":{"line":103,"column":6}}]},"26":{"type":"branch","line":106,"loc":{"start":{"line":106,"column":23},"end":{"line":166,"column":4}},"locations":[{"start":{"line":106,"column":23},"end":{"line":166,"column":4}}]},"27":{"type":"branch","line":122,"loc":{"start":{"line":122,"column":10},"end":{"line":124,"column":9}},"locations":[{"start":{"line":122,"column":10},"end":{"line":124,"column":9}}]},"28":{"type":"branch","line":127,"loc":{"start":{"line":127,"column":64},"end":{"line":129,"column":7}},"locations":[{"start":{"line":127,"column":64},"end":{"line":129,"column":7}}]},"29":{"type":"branch","line":149,"loc":{"start":{"line":149,"column":7},"end":{"line":160,"column":7}},"locations":[{"start":{"line":149,"column":7},"end":{"line":160,"column":7}}]},"30":{"type":"branch","line":161,"loc":{"start":{"line":161,"column":4},"end":{"line":163,"column":6}},"locations":[{"start":{"line":161,"column":4},"end":{"line":163,"column":6}}]},"31":{"type":"branch","line":162,"loc":{"start":{"line":162,"column":19},"end":{"line":162,"column":60}},"locations":[{"start":{"line":162,"column":19},"end":{"line":162,"column":60}}]},"32":{"type":"branch","line":115,"loc":{"start":{"line":115,"column":16},"end":{"line":115,"column":46}},"locations":[{"start":{"line":115,"column":16},"end":{"line":115,"column":46}}]},"33":{"type":"branch","line":116,"loc":{"start":{"line":116,"column":13},"end":{"line":116,"column":42}},"locations":[{"start":{"line":116,"column":13},"end":{"line":116,"column":42}}]},"34":{"type":"branch","line":133,"loc":{"start":{"line":133,"column":47},"end":{"line":139,"column":7}},"locations":[{"start":{"line":133,"column":47},"end":{"line":139,"column":7}}]},"35":{"type":"branch","line":134,"loc":{"start":{"line":134,"column":48},"end":{"line":136,"column":15}},"locations":[{"start":{"line":134,"column":48},"end":{"line":136,"column":15}}]},"36":{"type":"branch","line":136,"loc":{"start":{"line":136,"column":8},"end":{"line":138,"column":9}},"locations":[{"start":{"line":136,"column":8},"end":{"line":138,"column":9}}]},"37":{"type":"branch","line":157,"loc":{"start":{"line":157,"column":19},"end":{"line":159,"column":11}},"locations":[{"start":{"line":157,"column":19},"end":{"line":159,"column":11}}]},"38":{"type":"branch","line":184,"loc":{"start":{"line":184,"column":22},"end":{"line":237,"column":4}},"locations":[{"start":{"line":184,"column":22},"end":{"line":237,"column":4}}]},"39":{"type":"branch","line":186,"loc":{"start":{"line":186,"column":16},"end":{"line":186,"column":28}},"locations":[{"start":{"line":186,"column":16},"end":{"line":186,"column":28}}]},"40":{"type":"branch","line":189,"loc":{"start":{"line":189,"column":25},"end":{"line":194,"column":5}},"locations":[{"start":{"line":189,"column":25},"end":{"line":194,"column":5}}]},"41":{"type":"branch","line":191,"loc":{"start":{"line":191,"column":52},"end":{"line":193,"column":7}},"locations":[{"start":{"line":191,"column":52},"end":{"line":193,"column":7}}]},"42":{"type":"branch","line":200,"loc":{"start":{"line":200,"column":17},"end":{"line":200,"column":66}},"locations":[{"start":{"line":200,"column":17},"end":{"line":200,"column":66}}]},"43":{"type":"branch","line":203,"loc":{"start":{"line":203,"column":24},"end":{"line":217,"column":19}},"locations":[{"start":{"line":203,"column":24},"end":{"line":217,"column":19}}]},"44":{"type":"branch","line":207,"loc":{"start":{"line":207,"column":37},"end":{"line":207,"column":59}},"locations":[{"start":{"line":207,"column":37},"end":{"line":207,"column":59}}]},"45":{"type":"branch","line":207,"loc":{"start":{"line":207,"column":48},"end":{"line":207,"column":62}},"locations":[{"start":{"line":207,"column":48},"end":{"line":207,"column":62}}]},"46":{"type":"branch","line":217,"loc":{"start":{"line":217,"column":10},"end":{"line":233,"column":12}},"locations":[{"start":{"line":217,"column":10},"end":{"line":233,"column":12}}]},"47":{"type":"branch","line":225,"loc":{"start":{"line":225,"column":36},"end":{"line":226,"column":20}},"locations":[{"start":{"line":225,"column":36},"end":{"line":226,"column":20}}]},"48":{"type":"branch","line":212,"loc":{"start":{"line":212,"column":31},"end":{"line":215,"column":23}},"locations":[{"start":{"line":212,"column":31},"end":{"line":215,"column":23}}]},"49":{"type":"branch","line":300,"loc":{"start":{"line":300,"column":34},"end":{"line":300,"column":71}},"locations":[{"start":{"line":300,"column":34},"end":{"line":300,"column":71}}]},"50":{"type":"branch","line":320,"loc":{"start":{"line":320,"column":26},"end":{"line":321,"column":71}},"locations":[{"start":{"line":320,"column":26},"end":{"line":321,"column":71}}]},"51":{"type":"branch","line":321,"loc":{"start":{"line":321,"column":64},"end":{"line":321,"column":70}},"locations":[{"start":{"line":321,"column":64},"end":{"line":321,"column":70}}]}},"b":{"0":[37],"1":[2],"2":[35],"3":[0],"4":[10],"5":[1],"6":[2],"7":[31],"8":[4],"9":[4],"10":[31],"11":[1],"12":[30],"13":[11],"14":[1],"15":[14],"16":[2],"17":[12],"18":[38],"19":[2],"20":[2],"21":[79],"22":[1],"23":[0],"24":[0],"25":[1],"26":[4],"27":[0],"28":[0],"29":[3],"30":[1],"31":[0],"32":[76],"33":[4],"34":[76],"35":[24],"36":[52],"37":[1],"38":[147],"39":[0],"40":[1],"41":[0],"42":[25],"43":[26],"44":[0],"45":[0],"46":[121],"47":[0],"48":[59],"49":[147],"50":[1],"51":[0]},"fnMap":{"0":{"name":"CreateSimulation","decl":{"start":{"line":12,"column":25},"end":{"line":365,"column":2}},"loc":{"start":{"line":12,"column":25},"end":{"line":365,"column":2}},"line":12},"1":{"name":"handleFieldToggle","decl":{"start":{"line":67,"column":28},"end":{"line":89,"column":4}},"loc":{"start":{"line":67,"column":28},"end":{"line":89,"column":4}},"line":67},"2":{"name":"handleInputChange","decl":{"start":{"line":91,"column":28},"end":{"line":104,"column":4}},"loc":{"start":{"line":91,"column":28},"end":{"line":104,"column":4}},"line":91},"3":{"name":"handleSubmit","decl":{"start":{"line":106,"column":23},"end":{"line":166,"column":4}},"loc":{"start":{"line":106,"column":23},"end":{"line":166,"column":4}},"line":106},"4":{"name":"handleImportSuccess","decl":{"start":{"line":169,"column":30},"end":{"line":178,"column":4}},"loc":{"start":{"line":169,"column":30},"end":{"line":178,"column":4}},"line":169},"5":{"name":"handleImportClose","decl":{"start":{"line":180,"column":28},"end":{"line":182,"column":4}},"loc":{"start":{"line":180,"column":28},"end":{"line":182,"column":4}},"line":180},"6":{"name":"renderField","decl":{"start":{"line":184,"column":22},"end":{"line":237,"column":4}},"loc":{"start":{"line":184,"column":22},"end":{"line":237,"column":4}},"line":184},"7":{"name":"onClick","decl":{"start":{"line":271,"column":23},"end":{"line":271,"column":54}},"loc":{"start":{"line":271,"column":23},"end":{"line":271,"column":54}},"line":271},"8":{"name":"onChange","decl":{"start":{"line":320,"column":26},"end":{"line":321,"column":71}},"loc":{"start":{"line":320,"column":26},"end":{"line":321,"column":71}},"line":320}},"f":{"0":37,"1":0,"2":1,"3":4,"4":0,"5":0,"6":147,"7":0,"8":1}}
,"C:\\OU\\7\\Thesis 2\\Thesis2\\Thesis\\frontend\\thesis\\src\\components\\ImportSimulationModal.jsx": {"path":"C:\\OU\\7\\Thesis 2\\Thesis2\\Thesis\\frontend\\thesis\\src\\components\\ImportSimulationModal.jsx","all":false,"statementMap":{"1":{"start":{"line":2,"column":0},"end":{"line":2,"column":41}},"2":{"start":{"line":3,"column":0},"end":{"line":3,"column":59}},"3":{"start":{"line":4,"column":0},"end":{"line":4,"column":37}},"5":{"start":{"line":6,"column":0},"end":{"line":6,"column":64}},"6":{"start":{"line":7,"column":0},"end":{"line":7,"column":41}},"7":{"start":{"line":8,"column":0},"end":{"line":8,"column":40}},"8":{"start":{"line":9,"column":0},"end":{"line":9,"column":43}},"9":{"start":{"line":10,"column":0},"end":{"line":10,"column":56}},"10":{"start":{"line":11,"column":0},"end":{"line":11,"column":36}},"12":{"start":{"line":13,"column":0},"end":{"line":13,"column":39}},"13":{"start":{"line":14,"column":0},"end":{"line":14,"column":47}},"14":{"start":{"line":15,"column":0},"end":{"line":15,"column":23}},"16":{"start":{"line":17,"column":0},"end":{"line":17,"column":44}},"17":{"start":{"line":18,"column":0},"end":{"line":18,"column":55}},"18":{"start":{"line":19,"column":0},"end":{"line":19,"column":15}},"19":{"start":{"line":20,"column":0},"end":{"line":20,"column":7}},"22":{"start":{"line":23,"column":0},"end":{"line":23,"column":49}},"23":{"start":{"line":24,"column":0},"end":{"line":24,"column":49}},"24":{"start":{"line":25,"column":0},"end":{"line":25,"column":15}},"25":{"start":{"line":26,"column":0},"end":{"line":26,"column":7}},"27":{"start":{"line":28,"column":0},"end":{"line":28,"column":28}},"28":{"start":{"line":29,"column":0},"end":{"line":29,"column":20}},"29":{"start":{"line":30,"column":0},"end":{"line":30,"column":5}},"30":{"start":{"line":31,"column":0},"end":{"line":31,"column":4}},"32":{"start":{"line":33,"column":0},"end":{"line":33,"column":47}},"33":{"start":{"line":34,"column":0},"end":{"line":34,"column":9}},"34":{"start":{"line":35,"column":0},"end":{"line":35,"column":37}},"35":{"start":{"line":36,"column":0},"end":{"line":36,"column":36}},"38":{"start":{"line":39,"column":0},"end":{"line":39,"column":10}},"39":{"start":{"line":40,"column":0},"end":{"line":40,"column":22}},"40":{"start":{"line":41,"column":0},"end":{"line":41,"column":21}},"41":{"start":{"line":42,"column":0},"end":{"line":42,"column":26}},"42":{"start":{"line":43,"column":0},"end":{"line":43,"column":25}},"43":{"start":{"line":44,"column":0},"end":{"line":44,"column":24}},"44":{"start":{"line":45,"column":0},"end":{"line":45,"column":9}},"45":{"start":{"line":46,"column":0},"end":{"line":46,"column":16}},"46":{"start":{"line":47,"column":0},"end":{"line":47,"column":25}},"47":{"start":{"line":48,"column":0},"end":{"line":48,"column":19}},"48":{"start":{"line":49,"column":0},"end":{"line":49,"column":84}},"49":{"start":{"line":50,"column":0},"end":{"line":50,"column":12}},"50":{"start":{"line":51,"column":0},"end":{"line":51,"column":10}},"51":{"start":{"line":52,"column":0},"end":{"line":52,"column":7}},"53":{"start":{"line":54,"column":0},"end":{"line":54,"column":37}},"54":{"start":{"line":55,"column":0},"end":{"line":55,"column":21}},"55":{"start":{"line":56,"column":0},"end":{"line":56,"column":41}},"56":{"start":{"line":57,"column":0},"end":{"line":57,"column":67}},"57":{"start":{"line":58,"column":0},"end":{"line":58,"column":7}},"59":{"start":{"line":60,"column":0},"end":{"line":60,"column":57}},"60":{"start":{"line":61,"column":0},"end":{"line":61,"column":5}},"61":{"start":{"line":62,"column":0},"end":{"line":62,"column":4}},"63":{"start":{"line":64,"column":0},"end":{"line":64,"column":36}},"64":{"start":{"line":65,"column":0},"end":{"line":65,"column":16}},"65":{"start":{"line":66,"column":0},"end":{"line":66,"column":42}},"66":{"start":{"line":67,"column":0},"end":{"line":67,"column":13}},"67":{"start":{"line":68,"column":0},"end":{"line":68,"column":5}},"69":{"start":{"line":70,"column":0},"end":{"line":70,"column":36}},"70":{"start":{"line":71,"column":0},"end":{"line":71,"column":70}},"71":{"start":{"line":72,"column":0},"end":{"line":72,"column":13}},"72":{"start":{"line":73,"column":0},"end":{"line":73,"column":5}},"74":{"start":{"line":75,"column":0},"end":{"line":75,"column":25}},"75":{"start":{"line":76,"column":0},"end":{"line":76,"column":18}},"77":{"start":{"line":78,"column":0},"end":{"line":78,"column":9}},"79":{"start":{"line":80,"column":0},"end":{"line":80,"column":57}},"80":{"start":{"line":81,"column":0},"end":{"line":81,"column":32}},"81":{"start":{"line":82,"column":0},"end":{"line":82,"column":37}},"82":{"start":{"line":83,"column":0},"end":{"line":83,"column":30}},"83":{"start":{"line":84,"column":0},"end":{"line":84,"column":15}},"84":{"start":{"line":85,"column":0},"end":{"line":85,"column":7}},"87":{"start":{"line":88,"column":0},"end":{"line":88,"column":38}},"88":{"start":{"line":89,"column":0},"end":{"line":89,"column":36}},"89":{"start":{"line":90,"column":0},"end":{"line":90,"column":46}},"91":{"start":{"line":92,"column":0},"end":{"line":92,"column":50}},"93":{"start":{"line":94,"column":0},"end":{"line":94,"column":69}},"94":{"start":{"line":95,"column":0},"end":{"line":95,"column":23}},"95":{"start":{"line":96,"column":0},"end":{"line":96,"column":18}},"96":{"start":{"line":97,"column":0},"end":{"line":97,"column":43}},"97":{"start":{"line":98,"column":0},"end":{"line":98,"column":10}},"98":{"start":{"line":99,"column":0},"end":{"line":99,"column":23}},"99":{"start":{"line":100,"column":0},"end":{"line":100,"column":9}},"101":{"start":{"line":102,"column":0},"end":{"line":102,"column":55}},"103":{"start":{"line":104,"column":0},"end":{"line":104,"column":31}},"104":{"start":{"line":105,"column":0},"end":{"line":105,"column":34}},"105":{"start":{"line":106,"column":0},"end":{"line":106,"column":20}},"106":{"start":{"line":107,"column":0},"end":{"line":107,"column":75}},"107":{"start":{"line":108,"column":0},"end":{"line":108,"column":12}},"108":{"start":{"line":109,"column":0},"end":{"line":109,"column":16}},"109":{"start":{"line":110,"column":0},"end":{"line":110,"column":67}},"110":{"start":{"line":111,"column":0},"end":{"line":111,"column":9}},"111":{"start":{"line":112,"column":0},"end":{"line":112,"column":15}},"112":{"start":{"line":113,"column":0},"end":{"line":113,"column":7}},"115":{"start":{"line":116,"column":0},"end":{"line":116,"column":57}},"117":{"start":{"line":118,"column":0},"end":{"line":118,"column":75}},"118":{"start":{"line":119,"column":0},"end":{"line":119,"column":23}},"119":{"start":{"line":120,"column":0},"end":{"line":120,"column":18}},"120":{"start":{"line":121,"column":0},"end":{"line":121,"column":45}},"121":{"start":{"line":122,"column":0},"end":{"line":122,"column":43}},"122":{"start":{"line":123,"column":0},"end":{"line":123,"column":10}},"123":{"start":{"line":124,"column":0},"end":{"line":124,"column":30}},"124":{"start":{"line":125,"column":0},"end":{"line":125,"column":41}},"125":{"start":{"line":126,"column":0},"end":{"line":126,"column":23}},"126":{"start":{"line":127,"column":0},"end":{"line":127,"column":31}},"127":{"start":{"line":128,"column":0},"end":{"line":128,"column":11}},"128":{"start":{"line":129,"column":0},"end":{"line":129,"column":9}},"130":{"start":{"line":131,"column":0},"end":{"line":131,"column":55}},"132":{"start":{"line":133,"column":0},"end":{"line":133,"column":31}},"133":{"start":{"line":134,"column":0},"end":{"line":134,"column":19}},"134":{"start":{"line":135,"column":0},"end":{"line":135,"column":31}},"135":{"start":{"line":136,"column":0},"end":{"line":136,"column":35}},"136":{"start":{"line":137,"column":0},"end":{"line":137,"column":43}},"137":{"start":{"line":138,"column":0},"end":{"line":138,"column":11}},"138":{"start":{"line":139,"column":0},"end":{"line":139,"column":15}},"139":{"start":{"line":140,"column":0},"end":{"line":140,"column":7}},"142":{"start":{"line":143,"column":0},"end":{"line":143,"column":54}},"143":{"start":{"line":144,"column":0},"end":{"line":144,"column":47}},"144":{"start":{"line":145,"column":0},"end":{"line":145,"column":20}},"145":{"start":{"line":146,"column":0},"end":{"line":146,"column":21}},"146":{"start":{"line":147,"column":0},"end":{"line":147,"column":44}},"147":{"start":{"line":148,"column":0},"end":{"line":148,"column":54}},"148":{"start":{"line":149,"column":0},"end":{"line":149,"column":15}},"149":{"start":{"line":150,"column":0},"end":{"line":150,"column":28}},"150":{"start":{"line":151,"column":0},"end":{"line":151,"column":5}},"151":{"start":{"line":152,"column":0},"end":{"line":152,"column":4}},"153":{"start":{"line":154,"column":0},"end":{"line":154,"column":29}},"154":{"start":{"line":155,"column":0},"end":{"line":155,"column":18}},"155":{"start":{"line":156,"column":0},"end":{"line":156,"column":16}},"156":{"start":{"line":157,"column":0},"end":{"line":157,"column":18}},"157":{"start":{"line":158,"column":0},"end":{"line":158,"column":26}},"158":{"start":{"line":159,"column":0},"end":{"line":159,"column":31}},"159":{"start":{"line":160,"column":0},"end":{"line":160,"column":38}},"160":{"start":{"line":161,"column":0},"end":{"line":161,"column":5}},"161":{"start":{"line":162,"column":0},"end":{"line":162,"column":14}},"162":{"start":{"line":163,"column":0},"end":{"line":163,"column":4}},"164":{"start":{"line":165,"column":0},"end":{"line":165,"column":27}},"166":{"start":{"line":167,"column":0},"end":{"line":167,"column":10}},"167":{"start":{"line":168,"column":0},"end":{"line":168,"column":57}},"168":{"start":{"line":169,"column":0},"end":{"line":169,"column":74}},"169":{"start":{"line":170,"column":0},"end":{"line":170,"column":38}},"170":{"start":{"line":171,"column":0},"end":{"line":171,"column":46}},"171":{"start":{"line":172,"column":0},"end":{"line":172,"column":65}},"173":{"start":{"line":174,"column":0},"end":{"line":174,"column":19}},"174":{"start":{"line":175,"column":0},"end":{"line":175,"column":14}},"176":{"start":{"line":177,"column":0},"end":{"line":177,"column":36}},"177":{"start":{"line":178,"column":0},"end":{"line":178,"column":38}},"178":{"start":{"line":179,"column":0},"end":{"line":179,"column":65}},"179":{"start":{"line":180,"column":0},"end":{"line":180,"column":18}},"180":{"start":{"line":181,"column":0},"end":{"line":181,"column":29}},"181":{"start":{"line":182,"column":0},"end":{"line":182,"column":32}},"182":{"start":{"line":183,"column":0},"end":{"line":183,"column":25}},"183":{"start":{"line":184,"column":0},"end":{"line":184,"column":28}},"184":{"start":{"line":185,"column":0},"end":{"line":185,"column":41}},"185":{"start":{"line":186,"column":0},"end":{"line":186,"column":36}},"186":{"start":{"line":187,"column":0},"end":{"line":187,"column":36}},"187":{"start":{"line":188,"column":0},"end":{"line":188,"column":14}},"188":{"start":{"line":189,"column":0},"end":{"line":189,"column":41}},"190":{"start":{"line":191,"column":0},"end":{"line":191,"column":20}},"191":{"start":{"line":192,"column":0},"end":{"line":192,"column":16}},"193":{"start":{"line":194,"column":0},"end":{"line":194,"column":38}},"194":{"start":{"line":195,"column":0},"end":{"line":195,"column":71}},"195":{"start":{"line":196,"column":0},"end":{"line":196,"column":18}},"196":{"start":{"line":197,"column":0},"end":{"line":197,"column":30}},"197":{"start":{"line":198,"column":0},"end":{"line":198,"column":27}},"198":{"start":{"line":199,"column":0},"end":{"line":199,"column":21}},"199":{"start":{"line":200,"column":0},"end":{"line":200,"column":24}},"200":{"start":{"line":201,"column":0},"end":{"line":201,"column":27}},"201":{"start":{"line":202,"column":0},"end":{"line":202,"column":71}},"202":{"start":{"line":203,"column":0},"end":{"line":203,"column":36}},"203":{"start":{"line":204,"column":0},"end":{"line":204,"column":37}},"204":{"start":{"line":205,"column":0},"end":{"line":205,"column":14}},"205":{"start":{"line":206,"column":0},"end":{"line":206,"column":41}},"207":{"start":{"line":208,"column":0},"end":{"line":208,"column":20}},"208":{"start":{"line":209,"column":0},"end":{"line":209,"column":16}},"210":{"start":{"line":211,"column":0},"end":{"line":211,"column":33}},"211":{"start":{"line":212,"column":0},"end":{"line":212,"column":44}},"212":{"start":{"line":213,"column":0},"end":{"line":213,"column":41}},"213":{"start":{"line":214,"column":0},"end":{"line":214,"column":18}},"214":{"start":{"line":215,"column":0},"end":{"line":215,"column":47}},"215":{"start":{"line":216,"column":0},"end":{"line":216,"column":46}},"216":{"start":{"line":217,"column":0},"end":{"line":217,"column":19}},"217":{"start":{"line":218,"column":0},"end":{"line":218,"column":19}},"218":{"start":{"line":219,"column":0},"end":{"line":219,"column":18}},"221":{"start":{"line":222,"column":0},"end":{"line":222,"column":43}},"222":{"start":{"line":223,"column":0},"end":{"line":223,"column":42}},"223":{"start":{"line":224,"column":0},"end":{"line":224,"column":17}},"224":{"start":{"line":225,"column":0},"end":{"line":225,"column":59}},"225":{"start":{"line":226,"column":0},"end":{"line":226,"column":18}},"226":{"start":{"line":227,"column":0},"end":{"line":227,"column":17}},"227":{"start":{"line":228,"column":0},"end":{"line":228,"column":73}},"228":{"start":{"line":229,"column":0},"end":{"line":229,"column":18}},"229":{"start":{"line":230,"column":0},"end":{"line":230,"column":17}},"230":{"start":{"line":231,"column":0},"end":{"line":231,"column":64}},"231":{"start":{"line":232,"column":0},"end":{"line":232,"column":38}},"232":{"start":{"line":233,"column":0},"end":{"line":233,"column":18}},"233":{"start":{"line":234,"column":0},"end":{"line":234,"column":18}},"235":{"start":{"line":236,"column":0},"end":{"line":236,"column":14}},"237":{"start":{"line":238,"column":0},"end":{"line":238,"column":38}},"238":{"start":{"line":239,"column":0},"end":{"line":239,"column":17}},"239":{"start":{"line":240,"column":0},"end":{"line":240,"column":25}},"240":{"start":{"line":241,"column":0},"end":{"line":241,"column":33}},"241":{"start":{"line":242,"column":0},"end":{"line":242,"column":34}},"242":{"start":{"line":243,"column":0},"end":{"line":243,"column":37}},"243":{"start":{"line":244,"column":0},"end":{"line":244,"column":11}},"245":{"start":{"line":246,"column":0},"end":{"line":246,"column":19}},"246":{"start":{"line":247,"column":0},"end":{"line":247,"column":17}},"247":{"start":{"line":248,"column":0},"end":{"line":248,"column":25}},"248":{"start":{"line":249,"column":0},"end":{"line":249,"column":34}},"249":{"start":{"line":250,"column":0},"end":{"line":250,"column":43}},"250":{"start":{"line":251,"column":0},"end":{"line":251,"column":37}},"252":{"start":{"line":253,"column":0},"end":{"line":253,"column":66}},"253":{"start":{"line":254,"column":0},"end":{"line":254,"column":19}},"254":{"start":{"line":255,"column":0},"end":{"line":255,"column":14}},"255":{"start":{"line":256,"column":0},"end":{"line":256,"column":12}},"256":{"start":{"line":257,"column":0},"end":{"line":257,"column":10}},"258":{"start":{"line":259,"column":0},"end":{"line":259,"column":1}},"260":{"start":{"line":261,"column":0},"end":{"line":261,"column":37}}},"s":{"1":1,"2":1,"3":1,"5":78,"6":78,"7":78,"8":78,"9":78,"10":78,"12":78,"13":10,"14":10,"16":10,"17":1,"18":1,"19":1,"22":10,"23":0,"24":0,"25":0,"27":9,"28":9,"29":9,"30":10,"32":78,"33":5,"34":5,"35":5,"38":5,"39":5,"40":4,"41":4,"42":3,"43":3,"44":5,"45":1,"46":1,"47":1,"48":1,"49":1,"50":1,"51":1,"53":3,"54":5,"55":1,"56":1,"57":1,"59":0,"60":0,"61":5,"63":78,"64":6,"65":0,"66":0,"67":0,"69":6,"70":1,"71":1,"72":1,"74":5,"75":5,"77":5,"79":5,"80":6,"81":2,"82":2,"83":2,"84":2,"87":3,"88":3,"89":3,"91":3,"93":3,"94":3,"95":3,"96":3,"97":3,"98":3,"99":3,"101":3,"103":6,"104":1,"105":1,"106":1,"107":1,"108":1,"109":0,"110":0,"111":1,"112":1,"115":2,"117":2,"118":2,"119":2,"120":2,"121":2,"122":2,"123":2,"124":2,"125":2,"126":2,"127":2,"128":2,"130":2,"132":6,"133":1,"134":1,"135":0,"136":0,"137":1,"138":1,"139":1,"142":1,"143":6,"144":6,"145":6,"146":0,"147":0,"148":6,"149":5,"150":5,"151":6,"153":78,"154":3,"155":3,"156":3,"157":3,"158":3,"159":3,"160":3,"161":3,"162":3,"164":78,"166":42,"167":42,"168":42,"169":42,"170":42,"171":42,"173":42,"174":42,"176":42,"177":42,"178":42,"179":42,"180":42,"181":42,"182":42,"183":42,"184":42,"185":42,"186":42,"187":42,"188":42,"190":42,"191":42,"193":42,"194":42,"195":42,"196":42,"197":42,"198":42,"199":42,"200":42,"201":42,"202":42,"203":42,"204":42,"205":42,"207":42,"208":42,"210":42,"211":6,"212":6,"213":6,"214":6,"215":6,"216":6,"217":6,"218":6,"221":78,"222":19,"223":19,"224":19,"225":19,"226":19,"227":19,"228":19,"229":19,"230":19,"231":19,"232":19,"233":19,"235":78,"237":78,"238":78,"239":78,"240":78,"241":78,"242":78,"243":78,"245":78,"246":78,"247":78,"248":78,"249":78,"250":78,"252":78,"253":78,"254":78,"255":78,"256":78,"258":78,"260":1},"branchMap":{"0":{"type":"branch","line":6,"loc":{"start":{"line":6,"column":0},"end":{"line":259,"column":1}},"locations":[{"start":{"line":6,"column":0},"end":{"line":259,"column":1}}]},"1":{"type":"branch","line":165,"loc":{"start":{"line":165,"column":15},"end":{"line":165,"column":27}},"locations":[{"start":{"line":165,"column":15},"end":{"line":165,"column":27}}]},"2":{"type":"branch","line":165,"loc":{"start":{"line":165,"column":22},"end":{"line":219,"column":18}},"locations":[{"start":{"line":165,"column":22},"end":{"line":219,"column":18}}]},"3":{"type":"branch","line":165,"loc":{"start":{"line":165,"column":22},"end":{"line":211,"column":33}},"locations":[{"start":{"line":165,"column":22},"end":{"line":211,"column":33}}]},"4":{"type":"branch","line":211,"loc":{"start":{"line":211,"column":27},"end":{"line":219,"column":18}},"locations":[{"start":{"line":211,"column":27},"end":{"line":219,"column":18}}]},"5":{"type":"branch","line":222,"loc":{"start":{"line":222,"column":11},"end":{"line":222,"column":43}},"locations":[{"start":{"line":222,"column":11},"end":{"line":222,"column":43}}]},"6":{"type":"branch","line":222,"loc":{"start":{"line":222,"column":37},"end":{"line":234,"column":18}},"locations":[{"start":{"line":222,"column":37},"end":{"line":234,"column":18}}]},"7":{"type":"branch","line":232,"loc":{"start":{"line":232,"column":25},"end":{"line":232,"column":35}},"locations":[{"start":{"line":232,"column":25},"end":{"line":232,"column":35}}]},"8":{"type":"branch","line":232,"loc":{"start":{"line":232,"column":29},"end":{"line":232,"column":38}},"locations":[{"start":{"line":232,"column":29},"end":{"line":232,"column":38}}]},"9":{"type":"branch","line":250,"loc":{"start":{"line":250,"column":23},"end":{"line":250,"column":43}},"locations":[{"start":{"line":250,"column":23},"end":{"line":250,"column":43}}]},"10":{"type":"branch","line":253,"loc":{"start":{"line":253,"column":13},"end":{"line":253,"column":45}},"locations":[{"start":{"line":253,"column":13},"end":{"line":253,"column":45}}]},"11":{"type":"branch","line":253,"loc":{"start":{"line":253,"column":27},"end":{"line":253,"column":66}},"locations":[{"start":{"line":253,"column":27},"end":{"line":253,"column":66}}]},"12":{"type":"branch","line":13,"loc":{"start":{"line":13,"column":27},"end":{"line":31,"column":4}},"locations":[{"start":{"line":13,"column":27},"end":{"line":31,"column":4}}]},"13":{"type":"branch","line":17,"loc":{"start":{"line":17,"column":43},"end":{"line":20,"column":7}},"locations":[{"start":{"line":17,"column":43},"end":{"line":20,"column":7}}]},"14":{"type":"branch","line":20,"loc":{"start":{"line":20,"column":6},"end":{"line":23,"column":48}},"locations":[{"start":{"line":20,"column":6},"end":{"line":23,"column":48}}]},"15":{"type":"branch","line":23,"loc":{"start":{"line":23,"column":48},"end":{"line":26,"column":7}},"locations":[{"start":{"line":23,"column":48},"end":{"line":26,"column":7}}]},"16":{"type":"branch","line":26,"loc":{"start":{"line":26,"column":6},"end":{"line":30,"column":5}},"locations":[{"start":{"line":26,"column":6},"end":{"line":30,"column":5}}]},"17":{"type":"branch","line":33,"loc":{"start":{"line":33,"column":30},"end":{"line":62,"column":4}},"locations":[{"start":{"line":33,"column":30},"end":{"line":62,"column":4}}]},"18":{"type":"branch","line":40,"loc":{"start":{"line":40,"column":14},"end":{"line":41,"column":21}},"locations":[{"start":{"line":40,"column":14},"end":{"line":41,"column":21}}]},"19":{"type":"branch","line":41,"loc":{"start":{"line":41,"column":14},"end":{"line":42,"column":26}},"locations":[{"start":{"line":41,"column":14},"end":{"line":42,"column":26}}]},"20":{"type":"branch","line":42,"loc":{"start":{"line":42,"column":14},"end":{"line":43,"column":25}},"locations":[{"start":{"line":42,"column":14},"end":{"line":43,"column":25}}]},"21":{"type":"branch","line":43,"loc":{"start":{"line":43,"column":14},"end":{"line":44,"column":24}},"locations":[{"start":{"line":43,"column":14},"end":{"line":44,"column":24}}]},"22":{"type":"branch","line":45,"loc":{"start":{"line":45,"column":8},"end":{"line":52,"column":7}},"locations":[{"start":{"line":45,"column":8},"end":{"line":52,"column":7}}]},"23":{"type":"branch","line":52,"loc":{"start":{"line":52,"column":6},"end":{"line":55,"column":13}},"locations":[{"start":{"line":52,"column":6},"end":{"line":55,"column":13}}]},"24":{"type":"branch","line":55,"loc":{"start":{"line":55,"column":4},"end":{"line":61,"column":5}},"locations":[{"start":{"line":55,"column":4},"end":{"line":61,"column":5}}]},"25":{"type":"branch","line":58,"loc":{"start":{"line":58,"column":6},"end":{"line":61,"column":5}},"locations":[{"start":{"line":58,"column":6},"end":{"line":61,"column":5}}]},"26":{"type":"branch","line":64,"loc":{"start":{"line":64,"column":23},"end":{"line":152,"column":4}},"locations":[{"start":{"line":64,"column":23},"end":{"line":152,"column":4}}]},"27":{"type":"branch","line":65,"loc":{"start":{"line":65,"column":15},"end":{"line":68,"column":5}},"locations":[{"start":{"line":65,"column":15},"end":{"line":68,"column":5}}]},"28":{"type":"branch","line":70,"loc":{"start":{"line":70,"column":35},"end":{"line":73,"column":5}},"locations":[{"start":{"line":70,"column":35},"end":{"line":73,"column":5}}]},"29":{"type":"branch","line":73,"loc":{"start":{"line":73,"column":4},"end":{"line":81,"column":31}},"locations":[{"start":{"line":73,"column":4},"end":{"line":81,"column":31}}]},"30":{"type":"branch","line":81,"loc":{"start":{"line":81,"column":31},"end":{"line":85,"column":7}},"locations":[{"start":{"line":81,"column":31},"end":{"line":85,"column":7}}]},"31":{"type":"branch","line":85,"loc":{"start":{"line":85,"column":6},"end":{"line":104,"column":30}},"locations":[{"start":{"line":85,"column":6},"end":{"line":104,"column":30}}]},"32":{"type":"branch","line":104,"loc":{"start":{"line":104,"column":30},"end":{"line":113,"column":7}},"locations":[{"start":{"line":104,"column":30},"end":{"line":113,"column":7}}]},"33":{"type":"branch","line":109,"loc":{"start":{"line":109,"column":8},"end":{"line":111,"column":9}},"locations":[{"start":{"line":109,"column":8},"end":{"line":111,"column":9}}]},"34":{"type":"branch","line":113,"loc":{"start":{"line":113,"column":6},"end":{"line":133,"column":30}},"locations":[{"start":{"line":113,"column":6},"end":{"line":133,"column":30}}]},"35":{"type":"branch","line":133,"loc":{"start":{"line":133,"column":30},"end":{"line":144,"column":40}},"locations":[{"start":{"line":133,"column":30},"end":{"line":144,"column":40}}]},"36":{"type":"branch","line":135,"loc":{"start":{"line":135,"column":23},"end":{"line":136,"column":35}},"locations":[{"start":{"line":135,"column":23},"end":{"line":136,"column":35}}]},"37":{"type":"branch","line":136,"loc":{"start":{"line":136,"column":25},"end":{"line":137,"column":43}},"locations":[{"start":{"line":136,"column":25},"end":{"line":137,"column":43}}]},"38":{"type":"branch","line":144,"loc":{"start":{"line":144,"column":29},"end":{"line":144,"column":45}},"locations":[{"start":{"line":144,"column":29},"end":{"line":144,"column":45}}]},"39":{"type":"branch","line":146,"loc":{"start":{"line":146,"column":4},"end":{"line":149,"column":6}},"locations":[{"start":{"line":146,"column":4},"end":{"line":149,"column":6}}]},"40":{"type":"branch","line":149,"loc":{"start":{"line":149,"column":4},"end":{"line":149,"column":6}},"locations":[{"start":{"line":149,"column":4},"end":{"line":149,"column":6}}]},"41":{"type":"branch","line":149,"loc":{"start":{"line":149,"column":4},"end":{"line":151,"column":5}},"locations":[{"start":{"line":149,"column":4},"end":{"line":151,"column":5}}]},"42":{"type":"branch","line":107,"loc":{"start":{"line":107,"column":36},"end":{"line":107,"column":74}},"locations":[{"start":{"line":107,"column":36},"end":{"line":107,"column":74}}]},"43":{"type":"branch","line":107,"loc":{"start":{"line":107,"column":49},"end":{"line":107,"column":71}},"locations":[{"start":{"line":107,"column":49},"end":{"line":107,"column":71}}]},"44":{"type":"branch","line":107,"loc":{"start":{"line":107,"column":60},"end":{"line":107,"column":74}},"locations":[{"start":{"line":107,"column":60},"end":{"line":107,"column":74}}]},"45":{"type":"branch","line":154,"loc":{"start":{"line":154,"column":22},"end":{"line":163,"column":4}},"locations":[{"start":{"line":154,"column":22},"end":{"line":163,"column":4}}]},"46":{"type":"branch","line":169,"loc":{"start":{"line":169,"column":46},"end":{"line":169,"column":74}},"locations":[{"start":{"line":169,"column":46},"end":{"line":169,"column":74}}]},"47":{"type":"branch","line":202,"loc":{"start":{"line":202,"column":24},"end":{"line":202,"column":71}},"locations":[{"start":{"line":202,"column":24},"end":{"line":202,"column":71}}]},"48":{"type":"branch","line":202,"loc":{"start":{"line":202,"column":63},"end":{"line":202,"column":69}},"locations":[{"start":{"line":202,"column":63},"end":{"line":202,"column":69}}]},"49":{"type":"branch","line":215,"loc":{"start":{"line":215,"column":28},"end":{"line":216,"column":46}},"locations":[{"start":{"line":215,"column":28},"end":{"line":216,"column":46}}]}},"b":{"0":[78],"1":[36],"2":[43],"3":[42],"4":[6],"5":[24],"6":[19],"7":[4],"8":[15],"9":[24],"10":[5],"11":[37],"12":[10],"13":[1],"14":[9],"15":[0],"16":[9],"17":[5],"18":[4],"19":[4],"20":[3],"21":[3],"22":[1],"23":[3],"24":[1],"25":[0],"26":[6],"27":[0],"28":[1],"29":[5],"30":[2],"31":[3],"32":[1],"33":[0],"34":[2],"35":[1],"36":[0],"37":[0],"38":[0],"39":[0],"40":[1],"41":[5],"42":[1],"43":[0],"44":[0],"45":[3],"46":[18],"47":[5],"48":[1],"49":[6]},"fnMap":{"0":{"name":"ImportSimulationModal","decl":{"start":{"line":6,"column":0},"end":{"line":259,"column":1}},"loc":{"start":{"line":6,"column":0},"end":{"line":259,"column":1}},"line":6},"1":{"name":"handleFileChange","decl":{"start":{"line":13,"column":27},"end":{"line":31,"column":4}},"loc":{"start":{"line":13,"column":27},"end":{"line":31,"column":4}},"line":13},"2":{"name":"validateJsonContent","decl":{"start":{"line":33,"column":30},"end":{"line":62,"column":4}},"loc":{"start":{"line":33,"column":30},"end":{"line":62,"column":4}},"line":33},"3":{"name":"handleUpload","decl":{"start":{"line":64,"column":23},"end":{"line":152,"column":4}},"loc":{"start":{"line":64,"column":23},"end":{"line":152,"column":4}},"line":64},"4":{"name":"handleClose","decl":{"start":{"line":154,"column":22},"end":{"line":163,"column":4}},"loc":{"start":{"line":154,"column":22},"end":{"line":163,"column":4}},"line":154},"5":{"name":"onClick","decl":{"start":{"line":169,"column":46},"end":{"line":169,"column":74}},"loc":{"start":{"line":169,"column":46},"end":{"line":169,"column":74}},"line":169},"6":{"name":"onChange","decl":{"start":{"line":202,"column":24},"end":{"line":202,"column":71}},"loc":{"start":{"line":202,"column":24},"end":{"line":202,"column":71}},"line":202}},"f":{"0":78,"1":10,"2":5,"3":6,"4":3,"5":18,"6":5}}
,"C:\\OU\\7\\Thesis 2\\Thesis2\\Thesis\\frontend\\thesis\\src\\components\\Login.jsx": {"path":"C:\\OU\\7\\Thesis 2\\Thesis2\\Thesis\\frontend\\thesis\\src\\components\\Login.jsx","all":false,"statementMap":{"0":{"start":{"line":1,"column":0},"end":{"line":1,"column":40}},"1":{"start":{"line":2,"column":0},"end":{"line":2,"column":21}},"3":{"start":{"line":4,"column":0},"end":{"line":4,"column":39}},"4":{"start":{"line":5,"column":0},"end":{"line":5,"column":47}},"5":{"start":{"line":6,"column":0},"end":{"line":6,"column":47}},"6":{"start":{"line":7,"column":0},"end":{"line":7,"column":41}},"7":{"start":{"line":8,"column":0},"end":{"line":8,"column":48}},"9":{"start":{"line":10,"column":0},"end":{"line":10,"column":37}},"10":{"start":{"line":11,"column":0},"end":{"line":11,"column":23}},"11":{"start":{"line":12,"column":0},"end":{"line":12,"column":17}},"12":{"start":{"line":13,"column":0},"end":{"line":13,"column":21}},"14":{"start":{"line":15,"column":0},"end":{"line":15,"column":9}},"15":{"start":{"line":16,"column":0},"end":{"line":16,"column":76}},"16":{"start":{"line":17,"column":0},"end":{"line":17,"column":23}},"17":{"start":{"line":18,"column":0},"end":{"line":18,"column":18}},"18":{"start":{"line":19,"column":0},"end":{"line":19,"column":45}},"19":{"start":{"line":20,"column":0},"end":{"line":20,"column":10}},"20":{"start":{"line":21,"column":0},"end":{"line":21,"column":53}},"21":{"start":{"line":22,"column":0},"end":{"line":22,"column":9}},"23":{"start":{"line":24,"column":0},"end":{"line":24,"column":41}},"25":{"start":{"line":26,"column":0},"end":{"line":26,"column":25}},"26":{"start":{"line":27,"column":0},"end":{"line":27,"column":54}},"27":{"start":{"line":28,"column":0},"end":{"line":28,"column":7}},"30":{"start":{"line":31,"column":0},"end":{"line":31,"column":48}},"33":{"start":{"line":34,"column":0},"end":{"line":34,"column":32}},"34":{"start":{"line":35,"column":0},"end":{"line":35,"column":19}},"35":{"start":{"line":36,"column":0},"end":{"line":36,"column":28}},"36":{"start":{"line":37,"column":0},"end":{"line":37,"column":15}},"37":{"start":{"line":38,"column":0},"end":{"line":38,"column":24}},"38":{"start":{"line":39,"column":0},"end":{"line":39,"column":5}},"39":{"start":{"line":40,"column":0},"end":{"line":40,"column":4}},"41":{"start":{"line":42,"column":0},"end":{"line":42,"column":10}},"42":{"start":{"line":43,"column":0},"end":{"line":43,"column":37}},"43":{"start":{"line":44,"column":0},"end":{"line":44,"column":33}},"44":{"start":{"line":45,"column":0},"end":{"line":45,"column":61}},"45":{"start":{"line":46,"column":0},"end":{"line":46,"column":39}},"46":{"start":{"line":47,"column":0},"end":{"line":47,"column":50}},"47":{"start":{"line":48,"column":0},"end":{"line":48,"column":18}},"48":{"start":{"line":49,"column":0},"end":{"line":49,"column":25}},"49":{"start":{"line":50,"column":0},"end":{"line":50,"column":36}},"50":{"start":{"line":51,"column":0},"end":{"line":51,"column":30}},"51":{"start":{"line":52,"column":0},"end":{"line":52,"column":59}},"52":{"start":{"line":53,"column":0},"end":{"line":53,"column":37}},"53":{"start":{"line":54,"column":0},"end":{"line":54,"column":22}},"54":{"start":{"line":55,"column":0},"end":{"line":55,"column":14}},"55":{"start":{"line":56,"column":0},"end":{"line":56,"column":16}},"57":{"start":{"line":58,"column":0},"end":{"line":58,"column":39}},"58":{"start":{"line":59,"column":0},"end":{"line":59,"column":50}},"59":{"start":{"line":60,"column":0},"end":{"line":60,"column":18}},"60":{"start":{"line":61,"column":0},"end":{"line":61,"column":29}},"61":{"start":{"line":62,"column":0},"end":{"line":62,"column":36}},"62":{"start":{"line":63,"column":0},"end":{"line":63,"column":30}},"63":{"start":{"line":64,"column":0},"end":{"line":64,"column":59}},"64":{"start":{"line":65,"column":0},"end":{"line":65,"column":37}},"65":{"start":{"line":66,"column":0},"end":{"line":66,"column":22}},"66":{"start":{"line":67,"column":0},"end":{"line":67,"column":14}},"67":{"start":{"line":68,"column":0},"end":{"line":68,"column":16}},"69":{"start":{"line":70,"column":0},"end":{"line":70,"column":65}},"71":{"start":{"line":72,"column":0},"end":{"line":72,"column":76}},"72":{"start":{"line":73,"column":0},"end":{"line":73,"column":49}},"73":{"start":{"line":74,"column":0},"end":{"line":74,"column":19}},"74":{"start":{"line":75,"column":0},"end":{"line":75,"column":15}},"75":{"start":{"line":76,"column":0},"end":{"line":76,"column":12}},"76":{"start":{"line":77,"column":0},"end":{"line":77,"column":10}},"78":{"start":{"line":79,"column":0},"end":{"line":79,"column":2}},"80":{"start":{"line":81,"column":0},"end":{"line":81,"column":21}}},"s":{"0":1,"1":1,"3":1,"4":34,"5":34,"6":34,"7":34,"9":34,"10":7,"11":7,"12":7,"14":7,"15":7,"16":7,"17":7,"18":7,"19":7,"20":7,"21":7,"23":6,"25":7,"26":3,"27":3,"30":3,"33":3,"34":7,"35":4,"36":7,"37":7,"38":7,"39":7,"41":34,"42":34,"43":34,"44":34,"45":34,"46":34,"47":34,"48":34,"49":34,"50":34,"51":34,"52":34,"53":34,"54":34,"55":34,"57":34,"58":34,"59":34,"60":34,"61":34,"62":34,"63":34,"64":34,"65":34,"66":34,"67":34,"69":34,"71":34,"72":34,"73":34,"74":34,"75":34,"76":34,"78":34,"80":1},"branchMap":{"0":{"type":"branch","line":4,"loc":{"start":{"line":4,"column":14},"end":{"line":79,"column":2}},"locations":[{"start":{"line":4,"column":14},"end":{"line":79,"column":2}}]},"1":{"type":"branch","line":70,"loc":{"start":{"line":70,"column":11},"end":{"line":70,"column":65}},"locations":[{"start":{"line":70,"column":11},"end":{"line":70,"column":65}}]},"2":{"type":"branch","line":73,"loc":{"start":{"line":73,"column":13},"end":{"line":73,"column":41}},"locations":[{"start":{"line":73,"column":13},"end":{"line":73,"column":41}}]},"3":{"type":"branch","line":73,"loc":{"start":{"line":73,"column":23},"end":{"line":73,"column":49}},"locations":[{"start":{"line":73,"column":23},"end":{"line":73,"column":49}}]},"4":{"type":"branch","line":10,"loc":{"start":{"line":10,"column":23},"end":{"line":40,"column":4}},"locations":[{"start":{"line":10,"column":23},"end":{"line":40,"column":4}}]},"5":{"type":"branch","line":22,"loc":{"start":{"line":22,"column":7},"end":{"line":26,"column":24}},"locations":[{"start":{"line":22,"column":7},"end":{"line":26,"column":24}}]},"6":{"type":"branch","line":26,"loc":{"start":{"line":26,"column":24},"end":{"line":35,"column":13}},"locations":[{"start":{"line":26,"column":24},"end":{"line":35,"column":13}}]},"7":{"type":"branch","line":27,"loc":{"start":{"line":27,"column":29},"end":{"line":27,"column":52}},"locations":[{"start":{"line":27,"column":29},"end":{"line":27,"column":52}}]},"8":{"type":"branch","line":35,"loc":{"start":{"line":35,"column":4},"end":{"line":37,"column":6}},"locations":[{"start":{"line":35,"column":4},"end":{"line":37,"column":6}}]},"9":{"type":"branch","line":52,"loc":{"start":{"line":52,"column":24},"end":{"line":52,"column":59}},"locations":[{"start":{"line":52,"column":24},"end":{"line":52,"column":59}}]},"10":{"type":"branch","line":64,"loc":{"start":{"line":64,"column":24},"end":{"line":64,"column":59}},"locations":[{"start":{"line":64,"column":24},"end":{"line":64,"column":59}}]}},"b":{"0":[34],"1":[6],"2":[7],"3":[27],"4":[7],"5":[6],"6":[3],"7":[0],"8":[4],"9":[7],"10":[7]},"fnMap":{"0":{"name":"Login","decl":{"start":{"line":4,"column":14},"end":{"line":79,"column":2}},"loc":{"start":{"line":4,"column":14},"end":{"line":79,"column":2}},"line":4},"1":{"name":"handleSubmit","decl":{"start":{"line":10,"column":23},"end":{"line":40,"column":4}},"loc":{"start":{"line":10,"column":23},"end":{"line":40,"column":4}},"line":10},"2":{"name":"onChange","decl":{"start":{"line":52,"column":24},"end":{"line":52,"column":59}},"loc":{"start":{"line":52,"column":24},"end":{"line":52,"column":59}},"line":52},"3":{"name":"onChange","decl":{"start":{"line":64,"column":24},"end":{"line":64,"column":59}},"loc":{"start":{"line":64,"column":24},"end":{"line":64,"column":59}},"line":64}},"f":{"0":34,"1":7,"2":7,"3":7}}
,"C:\\OU\\7\\Thesis 2\\Thesis2\\Thesis\\frontend\\thesis\\src\\components\\SimulationDashboard.jsx": {"path":"C:\\OU\\7\\Thesis 2\\Thesis2\\Thesis\\frontend\\thesis\\src\\components\\SimulationDashboard.jsx","all":false,"statementMap":{"0":{"start":{"line":1,"column":0},"end":{"line":1,"column":73}},"1":{"start":{"line":2,"column":0},"end":{"line":2,"column":53}},"2":{"start":{"line":3,"column":0},"end":{"line":3,"column":50}},"3":{"start":{"line":4,"column":0},"end":{"line":4,"column":39}},"4":{"start":{"line":5,"column":0},"end":{"line":5,"column":49}},"5":{"start":{"line":6,"column":0},"end":{"line":6,"column":62}},"6":{"start":{"line":7,"column":0},"end":{"line":7,"column":35}},"8":{"start":{"line":9,"column":0},"end":{"line":9,"column":35}},"9":{"start":{"line":10,"column":0},"end":{"line":10,"column":53}},"10":{"start":{"line":11,"column":0},"end":{"line":11,"column":59}},"11":{"start":{"line":12,"column":0},"end":{"line":12,"column":43}},"12":{"start":{"line":13,"column":0},"end":{"line":13,"column":66}},"13":{"start":{"line":14,"column":0},"end":{"line":14,"column":63}},"14":{"start":{"line":15,"column":0},"end":{"line":15,"column":33}},"15":{"start":{"line":16,"column":0},"end":{"line":16,"column":37}},"16":{"start":{"line":17,"column":0},"end":{"line":17,"column":69}},"17":{"start":{"line":18,"column":0},"end":{"line":18,"column":56}},"20":{"start":{"line":21,"column":0},"end":{"line":21,"column":19}},"21":{"start":{"line":22,"column":0},"end":{"line":22,"column":16}},"22":{"start":{"line":23,"column":0},"end":{"line":23,"column":20}},"23":{"start":{"line":24,"column":0},"end":{"line":24,"column":5}},"24":{"start":{"line":25,"column":0},"end":{"line":25,"column":23}},"27":{"start":{"line":28,"column":0},"end":{"line":28,"column":52}},"28":{"start":{"line":29,"column":0},"end":{"line":29,"column":27}},"30":{"start":{"line":31,"column":0},"end":{"line":31,"column":9}},"31":{"start":{"line":32,"column":0},"end":{"line":32,"column":49}},"32":{"start":{"line":33,"column":0},"end":{"line":33,"column":36}},"33":{"start":{"line":34,"column":0},"end":{"line":34,"column":21}},"34":{"start":{"line":35,"column":0},"end":{"line":35,"column":57}},"35":{"start":{"line":36,"column":0},"end":{"line":36,"column":18}},"36":{"start":{"line":37,"column":0},"end":{"line":37,"column":5}},"37":{"start":{"line":38,"column":0},"end":{"line":38,"column":13}},"40":{"start":{"line":41,"column":0},"end":{"line":41,"column":47}},"41":{"start":{"line":42,"column":0},"end":{"line":42,"column":9}},"42":{"start":{"line":43,"column":0},"end":{"line":43,"column":29}},"43":{"start":{"line":44,"column":0},"end":{"line":44,"column":21}},"44":{"start":{"line":45,"column":0},"end":{"line":45,"column":44}},"45":{"start":{"line":46,"column":0},"end":{"line":46,"column":27}},"46":{"start":{"line":47,"column":0},"end":{"line":47,"column":19}},"47":{"start":{"line":48,"column":0},"end":{"line":48,"column":61}},"48":{"start":{"line":49,"column":0},"end":{"line":49,"column":56}},"49":{"start":{"line":50,"column":0},"end":{"line":50,"column":15}},"50":{"start":{"line":51,"column":0},"end":{"line":51,"column":30}},"51":{"start":{"line":52,"column":0},"end":{"line":52,"column":5}},"52":{"start":{"line":53,"column":0},"end":{"line":53,"column":25}},"55":{"start":{"line":56,"column":0},"end":{"line":56,"column":33}},"56":{"start":{"line":57,"column":0},"end":{"line":57,"column":12}},"57":{"start":{"line":58,"column":0},"end":{"line":58,"column":32}},"58":{"start":{"line":59,"column":0},"end":{"line":59,"column":72}},"59":{"start":{"line":60,"column":0},"end":{"line":60,"column":28}},"60":{"start":{"line":61,"column":0},"end":{"line":61,"column":19}},"61":{"start":{"line":62,"column":0},"end":{"line":62,"column":31}},"62":{"start":{"line":63,"column":0},"end":{"line":63,"column":9}},"63":{"start":{"line":64,"column":0},"end":{"line":64,"column":8}},"64":{"start":{"line":65,"column":0},"end":{"line":65,"column":25}},"65":{"start":{"line":66,"column":0},"end":{"line":66,"column":45}},"66":{"start":{"line":67,"column":0},"end":{"line":67,"column":50}},"67":{"start":{"line":68,"column":0},"end":{"line":68,"column":8}},"68":{"start":{"line":69,"column":0},"end":{"line":69,"column":7}},"69":{"start":{"line":70,"column":0},"end":{"line":70,"column":58}},"70":{"start":{"line":71,"column":0},"end":{"line":71,"column":4}},"73":{"start":{"line":74,"column":0},"end":{"line":74,"column":9}},"74":{"start":{"line":75,"column":0},"end":{"line":75,"column":21}},"75":{"start":{"line":76,"column":0},"end":{"line":76,"column":24}},"76":{"start":{"line":77,"column":0},"end":{"line":77,"column":28}},"77":{"start":{"line":78,"column":0},"end":{"line":78,"column":12}},"78":{"start":{"line":79,"column":0},"end":{"line":79,"column":51}},"81":{"start":{"line":82,"column":0},"end":{"line":82,"column":19}},"82":{"start":{"line":83,"column":0},"end":{"line":83,"column":15}},"83":{"start":{"line":84,"column":0},"end":{"line":84,"column":20}},"84":{"start":{"line":85,"column":0},"end":{"line":85,"column":5}},"85":{"start":{"line":86,"column":0},"end":{"line":86,"column":26}},"87":{"start":{"line":88,"column":0},"end":{"line":88,"column":44}},"88":{"start":{"line":89,"column":0},"end":{"line
[...]
,"C:\\OU\\7\\Thesis 2\\Thesis2\\Thesis\\frontend\\thesis\\src\\schemas\\simulationSchema.js": {"path":"C:\\OU\\7\\Thesis 2\\Thesis2\\Thesis\\frontend\\thesis\\src\\schemas\\simulationSchema.js","all":false,"statementMap":{"0":{"start":{"line":1,"column":0},"end":{"line":1,"column":78}},"1":{"start":{"line":2,"column":0},"end":{"line":2,"column":47}},"2":{"start":{"line":3,"column":0},"end":{"line":3,"column":0}},"3":{"start":{"line":4,"column":0},"end":{"line":4,"column":26}},"4":{"start":{"line":5,"column":0},"end":{"line":5,"column":11}},"5":{"start":{"line":6,"column":0},"end":{"line":6,"column":77}},"6":{"start":{"line":7,"column":0},"end":{"line":7,"column":32}},"7":{"start":{"line":8,"column":0},"end":{"line":8,"column":65}},"8":{"start":{"line":9,"column":0},"end":{"line":9,"column":7}},"9":{"start":{"line":10,"column":0},"end":{"line":10,"column":16}},"10":{"start":{"line":11,"column":0},"end":{"line":11,"column":15}},"11":{"start":{"line":12,"column":0},"end":{"line":12,"column":38}},"12":{"start":{"line":13,"column":0},"end":{"line":13,"column":43}},"13":{"start":{"line":14,"column":0},"end":{"line":14,"column":15}},"14":{"start":{"line":15,"column":0},"end":{"line":15,"column":15}},"15":{"start":{"line":16,"column":0},"end":{"line":16,"column":44}},"16":{"start":{"line":17,"column":0},"end":{"line":17,"column":39}},"17":{"start":{"line":18,"column":0},"end":{"line":18,"column":16}},"18":{"start":{"line":19,"column":0},"end":{"line":19,"column":15}},"19":{"start":{"line":20,"column":0},"end":{"line":20,"column":46}},"20":{"start":{"line":21,"column":0},"end":{"line":21,"column":43}},"21":{"start":{"line":22,"column":0},"end":{"line":22,"column":17}},"22":{"start":{"line":23,"column":0},"end":{"line":23,"column":20}},"23":{"start":{"line":24,"column":0},"end":{"line":24,"column":19}},"24":{"start":{"line":25,"column":0},"end":{"line":25,"column":15}},"25":{"start":{"line":26,"column":0},"end":{"line":26,"column":49}},"26":{"start":{"line":27,"column":0},"end":{"line":27,"column":41}},"27":{"start":{"line":28,"column":0},"end":{"line":28,"column":17}},"28":{"start":{"line":29,"column":0},"end":{"line":29,"column":20}},"29":{"start":{"line":30,"column":0},"end":{"line":30,"column":0}},"30":{"start":{"line":31,"column":0},"end":{"line":31,"column":18}},"31":{"start":{"line":32,"column":0},"end":{"line":32,"column":8}},"32":{"start":{"line":33,"column":0},"end":{"line":33,"column":15}},"33":{"start":{"line":34,"column":0},"end":{"line":34,"column":42}},"34":{"start":{"line":35,"column":0},"end":{"line":35,"column":48}},"35":{"start":{"line":36,"column":0},"end":{"line":36,"column":16}},"36":{"start":{"line":37,"column":0},"end":{"line":37,"column":17}},"37":{"start":{"line":38,"column":0},"end":{"line":38,"column":18}},"38":{"start":{"line":39,"column":0},"end":{"line":39,"column":8}},"39":{"start":{"line":40,"column":0},"end":{"line":40,"column":15}},"40":{"start":{"line":41,"column":0},"end":{"line":41,"column":42}},"41":{"start":{"line":42,"column":0},"end":{"line":42,"column":48}},"42":{"start":{"line":43,"column":0},"end":{"line":43,"column":16}},"43":{"start":{"line":44,"column":0},"end":{"line":44,"column":17}},"44":{"start":{"line":45,"column":0},"end":{"line":45,"column":18}},"45":{"start":{"line":46,"column":0},"end":{"line":46,"column":8}},"46":{"start":{"line":47,"column":0},"end":{"line":47,"column":15}},"47":{"start":{"line":48,"column":0},"end":{"line":48,"column":42}},"48":{"start":{"line":49,"column":0},"end":{"line":49,"column":48}},"49":{"start":{"line":50,"column":0},"end":{"line":50,"column":16}},"50":{"start":{"line":51,"column":0},"end":{"line":51,"column":18}},"51":{"start":{"line":52,"column":0},"end":{"line":52,"column":0}},"52":{"start":{"line":53,"column":0},"end":{"line":53,"column":18}},"53":{"start":{"line":54,"column":0},"end":{"line":54,"column":17}},"54":{"start":{"line":55,"column":0},"end":{"line":55,"column":15}},"55":{"start":{"line":56,"column":0},"end":{"line":56,"column":41}},"56":{"start":{"line":57,"column":0},"end":{"line":57,"column":47}},"57":{"start":{"line":58,"column":0},"end":{"line":58,"column":18}},"58":{"start":{"line":59,"column":0},"end":{"line":59,"column":18}},"59":{"start":{"line":60,"column":0},"end":{"line":60,"column":15}},"60":{"start":{"line":61,"column":0},"end":{"line":61,"column":42}},"61":{"start":{"line":62,"column":0},"end":{"line":62,"column":48}},"62":{"start":{"line":63,"column":0},"end":{"line":63,"column":17}},"63":{"start":{"line":64,"column":0},"end":{"line":64,"column":17}},"64":{"start":{"line":65,"column":0},"end":{"line":65,"column":18}},"65":{"start":{"line":66,"column":0},"end":{"line":66,"column":16}},"66":{"start":{"line":67,"column":0},"end":{"line":67,"column":15}},"67":{"start":{"line":68,"column":0},"end":{"line":68,"column":40}},"68":{"start":{"line":69,"column":0},"end":{"line":69,"column":46}},"69":{"start":{"line":70,"column":0},"end":{"line":70,"column":17}},"70":{"start":{"line":71,"column":0},"end":{"line":71,"column":17}},"71":{"start":{"line":72,"column":0},"end":{"line":72,"column":18}},"72":{"start":{"line":73,"column":0},"end":{"line":73,"column":22}},"73":{"start":{"line":74,"column":0},"end":{"line":74,"column":15}},"74":{"start":{"line":75,"column":0},"end":{"line":75,"column":46}},"75":{"start":{"line":76,"column":0},"end":{"line":76,"column":52}},"76":{"start":{"line":77,"column":0},"end":{"line":77,"column":17}},"77":{"start":{"line":78,"column":0},"end":{"line":78,"column":17}},"78":{"start":{"line":79,"column":0},"end":{"line":79,"column":18}},"79":{"start":{"line":80,"column":0},"end":{"line":80,"column":23}},"80":{"start":{"line":81,"column":0},"end":{"line":81,"column":15}},"81":{"start":{"line":82,"column":0},"end":{"line":82,"column":48}},"82":{"start":{"line":83,"column":0},"end":{"line":83,"column":54}},"83":{"start":{"line":84,"column":0},"end":{"line":84,"column":17}},"84":{"start":{"line":85,"column":0},"end":{"line":85,"column":17}},"85":{"start":{"line":86,"column":0},"end":{"line":86,"column":18}},"86":{"start":{"line":87,"column":0},"end":{"line":87,"column":0}},"87":{"start":{"line":88,"column":0},"end":{"line":88,"column":83}},"88":{"start":{"line":89,"column":0},"end":{"line":89,"column":20}},"89":{"start":{"line":90,"column":0},"end":{"line":90,"column":77}},"90":{"start":{"line":91,"column":0},"end":{"line":91,"column":26}},"91":{"start":{"line":92,"column":0},"end":{"line":92,"column":18}},"92":{"start":{"line":93,"column":0},"end":{"line":93,"column":101}},"93":{"start":{"line":94,"column":0},"end":{"line":94,"column":11}},"94":{"start":{"line":95,"column":0},"end":{"line":95,"column":8}},"95":{"start":{"line":96,"column":0},"end":{"line":96,"column":17}},"96":{"start":{"line":97,"column":0},"end":{"line":97,"column":25}},"97":{"start":{"line":98,"column":0},"end":{"line":98,"column":21}},"98":{"start":{"line":99,"column":0},"end":{"line":99,"column":77}},"99":{"start":{"line":100,"column":0},"end":{"line":100,"column":26}},"100":{"start":{"line":101,"column":0},"end":{"line":101,"column":18}},"101":{"start":{"line":102,"column":0},"end":{"line":102,"column":102}},"102":{"start":{"line":103,"column":0},"end":{"line":103,"column":11}},"103":{"start":{"line":104,"column":0},"end":{"line":104,"column":8}},"104":{"start":{"line":105,"column":0},"end":{"line":105,"column":17}},"105":{"start":{"line":106,"column":0},"end":{"line":106,"column":27}},"106":{"start":{"line":107,"column":0},"end":{"line":107,"column":19}},"107":{"start":{"line":108,"column":0},"end":{"line":108,"column":77}},"108":{"start":{"line":109,"column":0},"end":{"line":109,"column":26}},"109":{"start":{"line":110,"column":0},"end":{"line":110,"column":18}},"110":{"start":{"line":111,"column":0},"end":{"line":111,"column":100}},"111":{"start":{"line":112,"column":0},"end":{"line":112,"column":11}},"112":{"start":{"line":113,"column":0},"end":{"line":113,"column":8}},"113":{"start":{"line":114,"column":0},"end":{"line":114,"column":17}},"114":{"start":{"line":115,"column":0},"end":{"line":115,"column":25}},"115":{"start":{"line":116,"column":0},"end":{"line":116,"column":25}},"116":{"start":{"line":117,"column":0},"end":{"line":117,"column":77}},"117":{"start":{"line":118,"column":0},"end":{"line":118,"column":26}},"118":{"start":{"line":119,"column":0},"end":{"line":119,"column":18}},"119":{"start":{"line":120,"column":0},"end":{"line":120,"column":106}},"120":{"start":{"line":121,"column":0},"end":{"line":121,"column":11}},"121":{"start":{"line":122,"column":0},"end":{"line":122,"column":8}},"122":{"start":{"line":123,"column":0},"end":{"line":123,"column":17}},"123":{"start":{"line":124,"column":0},"end":{"line":124,"column":25}},"124":{"start":{"line":125,"column":0},"end":{"line":125,"column":26}},"125":{"start":{"line":126,"column":0},"end":{"line":126,"column":77}},"126":{"start":{"line":127,"column":0},"end":{"line":127,"column":26}},"127":{"start":{"line":128,"column":0},"end":{"line":128,"column":18}},"128":{"start":{"line":129,"column":0},"end":{"line":129,"column":108}},"129":{"start":{"line":130,"column":0},"end":{"line":130,"column":11}},"130":{"start":{"line":131,"column":0},"end":{"line":131,"column":8}},"131":{"start":{"line":132,"column":0},"end":{"line":132,"column":17}},"132":{"start":{"line":133,"column":0},"end":{"line":133,"column":27}},"133":{"start":{"line":134,"column":0},"end":{"line":134,"column":4}},"134":{"start":{"line":135,"column":0},"end":{"line":135,"column":10}},"135":{"start":{"line":136,"column":0},"end":{"line":136,"column":15}},"136":{"start":{"line":137,"column":0},"end":{"line":137,"column":74}},"137":{"start":{"line":138,"column":0},"end":{"line":138,"column":57}},"138":{"start":{"line":139,"column":0},"end":{"line":139,"column":21}},"139":{"start":{"line":140,"column":0},"end":{"line":140,"column":7}},"140":{"start":{"line":141,"column":0},"end":{"line":141,"column":48}},"141":{"start":{"line":142,"column":0},"end":{"line":142,"column":76}},"142":{"start":{"line":143,"column":0},"end":{"line":143,"column":21}},"143":{"start":{"line":144,"column":0},"end":{"line":144,"column":7}},"144":{"start":{"line":145,"column":0},"end":{"line":145,"column":18}},"145":{"start":{"line":146,"column":0},"end":{"line":146,"column":6}},"146":{"start":{"line":147,"column":0},"end":{"line":147,"column":5}},"147":{"start":{"line":148,"column":0},"end":{"line":148,"column":14}},"148":{"start":{"line":149,"column":0},"end":{"line":149,"column":86}},"149":{"start":{"line":150,"column":0},"end":{"line":150,"column":18}},"150":{"start":{"line":151,"column":0},"end":{"line":151,"column":5}},"151":{"start":{"line":152,"column":0},"end":{"line":152,"column":4}},"152":{"start":{"line":153,"column":0},"end":{"line":153,"column":0}},"153":{"start":{"line":154,"column":0},"end":{"line":154,"column":32}}},"s":{"0":1,"1":1,"2":1,"3":1,"4":1,"5":1,"6":1,"7":1,"8":1,"9":1,"10":1,"11":1,"12":1,"13":1,"14":1,"15":1,"16":1,"17":1,"18":1,"19":1,"20":1,"21":1,"22":1,"23":1,"24":1,"25":1,"26":1,"27":1,"28":1,"29":1,"30":1,"31":1,"32":1,"33":1,"34":1,"35":1,"36":1,"37":1,"38":1,"39":1,"40":1,"41":1,"42":1,"43":1,"44":1,"45":1,"46":1,"47":1,"48":1,"49":1,"50":1,"51":1,"52":1,"53":1,"54":1,"55":1,"56":1,"57":1,"58":1,"59":1,"60":1,"61":1,"62":1,"63":1,"64":1,"65":1,"66":1,"67":1,"68":1,"69":1,"70":1,"71":1,"72":1,"73":1,"74":1,"75":1,"76":1,"77":1,"78":1,"79":1,"80":1,"81":1,"82":1,"83":1,"84":1,"85":1,"86":1,"87":1,"88":1,"89":1,"90":1,"91":0,"92":0,"93":1,"94":1,"95":1,"96":1,"97":1,"98":1,"99":1,"100":0,"101":0,"102":1,"103":1,"104":1,"105":1,"106":1,"107":1,"108":1,"109":0,"110":0,"111":1,"112":1,"113":1,"114":1,"115":1,"116":1,"117":1,"118":0,"119":0,"120":1,"121":1,"122":1,"123":1,"124":1,"125":1,"126":1,"127":0,"128":0,"129":1,"130":1,"131":1,"132":1,"133":1,"134":1,"135":1,"136":0,"137":0,"138":0,"139":0,"140":0,"141":0,"142":0,"143":0,"144":0,"145":1,"146":1,"147":1,"148":1,"149":1,"150":1,"151":1,"152":1,"153":1},"branchMap":{},"b":{},"fnMap":{"0":{"name":"errorMap","decl":{"start":{"line":8,"column":16},"end":{"line":8,"column":64}},"loc":{"start":{"line":8,"column":16},"end":{"line":8,"column":64}},"line":8},"1":{"name":"errorMap","decl":{"start":{"line":91,"column":18},"end":{"line":94,"column":10}},"loc":{"start":{"line":91,"column":18},"end":{"line":94,"column":10}},"line":91},"2":{"name":"errorMap","decl":{"start":{"line":100,"column":18},"end":{"line":103,"column":10}},"loc":{"start":{"line":100,"column":18},"end":{"line":103,"column":10}},"line":100},"3":{"name":"errorMap","decl":{"start":{"line":109,"column":18},"end":{"line":112,"column":10}},"loc":{"start":{"line":109,"column":18},"end":{"line":112,"column":10}},"line":109},"4":{"name":"errorMap","decl":{"start":{"line":118,"column":18},"end":{"line":121,"column":10}},"loc":{"start":{"line":118,"column":18},"end":{"line":121,"column":10}},"line":118},"5":{"name":"errorMap","decl":{"start":{"line":127,"column":18},"end":{"line":130,"column":10}},"loc":{"start":{"line":127,"column":18},"end":{"line":130,"column":10}},"line":127},"6":{"name":"__vite_ssr_import_0__.z.object.refine.message","decl":{"start":{"line":136,"column":4},"end":{"line":146,"column":5}},"loc":{"start":{"line":136,"column":4},"end":{"line":146,"column":5}},"line":136}},"f":{"0":0,"1":0,"2":0,"3":0,"4":0,"5":0,"6":0}}
,"C:\\OU\\7\\Thesis 2\\Thesis2\\Thesis\\frontend\\thesis\\src\\test\\setup.js": {"path":"C:\\OU\\7\\Thesis 2\\Thesis2\\Thesis\\frontend\\thesis\\src\\test\\setup.js","all":true,"statementMap":{"0":{"start":{"line":1,"column":0},"end":{"line":1,"column":35}},"1":{"start":{"line":2,"column":0},"end":{"line":2,"column":0}},"2":{"start":{"line":3,"column":0},"end":{"line":3,"column":25}},"3":{"start":{"line":4,"column":0},"end":{"line":4,"column":45}},"4":{"start":{"line":5,"column":0},"end":{"line":5,"column":17}},"5":{"start":{"line":6,"column":0},"end":{"line":6,"column":49}},"6":{"start":{"line":7,"column":0},"end":{"line":7,"column":19}},"7":{"start":{"line":8,"column":0},"end":{"line":8,"column":17}},"8":{"start":{"line":9,"column":0},"end":{"line":9,"column":19}},"9":{"start":{"line":10,"column":0},"end":{"line":10,"column":25}},"10":{"start":{"line":11,"column":0},"end":{"line":11,"column":28}},"11":{"start":{"line":12,"column":0},"end":{"line":12,"column":30}},"12":{"start":{"line":13,"column":0},"end":{"line":13,"column":33}},"13":{"start":{"line":14,"column":0},"end":{"line":14,"column":27}},"14":{"start":{"line":15,"column":0},"end":{"line":15,"column":6}},"15":{"start":{"line":16,"column":0},"end":{"line":16,"column":3}},"16":{"start":{"line":17,"column":0},"end":{"line":17,"column":0}},"17":{"start":{"line":18,"column":0},"end":{"line":18,"column":20}},"18":{"start":{"line":19,"column":0},"end":{"line":19,"column":26}},"19":{"start":{"line":20,"column":0},"end":{"line":20,"column":19}},"20":{"start":{"line":21,"column":0},"end":{"line":21,"column":19}},"21":{"start":{"line":22,"column":0},"end":{"line":22,"column":22}},"22":{"start":{"line":23,"column":0},"end":{"line":23,"column":17}},"23":{"start":{"line":24,"column":0},"end":{"line":24,"column":2}},"24":{"start":{"line":25,"column":0},"end":{"line":25,"column":39}}},"s":{"0":0,"1":0,"2":0,"3":0,"4":0,"5":0,"6":0,"7":0,"8":0,"9":0,"10":0,"11":0,"12":0,"13":0,"14":0,"15":0,"16":0,"17":0,"18":0,"19":0,"20":0,"21":0,"22":0,"23":0,"24":0},"branchMap":{"0":{"type":"branch","line":1,"loc":{"start":{"line":1,"column":0},"end":{"line":25,"column":39}},"locations":[{"start":{"line":1,"column":0},"end":{"line":25,"column":39}}]}},"b":{"0":[0]},"fnMap":{"0":{"name":"(empty-report)","decl":{"start":{"line":1,"column":0},"end":{"line":25,"column":39}},"loc":{"start":{"line":1,"column":0},"end":{"line":25,"column":39}},"line":1}},"f":{"0":0}}
,"C:\\OU\\7\\Thesis 2\\Thesis2\\Thesis\\frontend\\thesis\\src\\utils\\api.js": {"path":"C:\\OU\\7\\Thesis 2\\Thesis2\\Thesis\\frontend\\thesis\\src\\utils\\api.js","all":true,"statementMap":{"0":{"start":{"line":1,"column":0},"end":{"line":1,"column":68}},"1":{"start":{"line":2,"column":0},"end":{"line":2,"column":0}},"2":{"start":{"line":3,"column":0},"end":{"line":3,"column":58}},"3":{"start":{"line":4,"column":0},"end":{"line":4,"column":46}},"4":{"start":{"line":5,"column":0},"end":{"line":5,"column":0}},"5":{"start":{"line":6,"column":0},"end":{"line":6,"column":18}},"6":{"start":{"line":7,"column":0},"end":{"line":7,"column":15}},"7":{"start":{"line":8,"column":0},"end":{"line":8,"column":14}},"8":{"start":{"line":9,"column":0},"end":{"line":9,"column":41}},"9":{"start":{"line":10,"column":0},"end":{"line":10,"column":25}},"10":{"start":{"line":11,"column":0},"end":{"line":11,"column":57}},"11":{"start":{"line":12,"column":0},"end":{"line":12,"column":6}},"12":{"start":{"line":13,"column":0},"end":{"line":13,"column":4}},"13":{"start":{"line":14,"column":0},"end":{"line":14,"column":0}},"14":{"start":{"line":15,"column":0},"end":{"line":15,"column":69}},"15":{"start":{"line":16,"column":0},"end":{"line":16,"column":37}},"16":{"start":{"line":17,"column":0},"end":{"line":17,"column":0}},"17":{"start":{"line":18,"column":0},"end":{"line":18,"column":21}},"18":{"start":{"line":19,"column":0},"end":{"line":19,"column":52}},"19":{"start":{"line":20,"column":0},"end":{"line":20,"column":3}},"20":{"start":{"line":21,"column":0},"end":{"line":21,"column":0}},"21":{"start":{"line":22,"column":0},"end":{"line":22,"column":14}},"22":{"start":{"line":23,"column":0},"end":{"line":23,"column":2}},"23":{"start":{"line":24,"column":0},"end":{"line":24,"column":0}},"24":{"start":{"line":25,"column":0},"end":{"line":25,"column":21}},"25":{"start":{"line":26,"column":0},"end":{"line":26,"column":25}},"26":{"start":{"line":27,"column":0},"end":{"line":27,"column":28}},"27":{"start":{"line":28,"column":0},"end":{"line":28,"column":21}},"28":{"start":{"line":29,"column":0},"end":{"line":29,"column":40}},"29":{"start":{"line":30,"column":0},"end":{"line":30,"column":7}},"30":{"start":{"line":31,"column":0},"end":{"line":31,"column":0}},"31":{"start":{"line":32,"column":0},"end":{"line":32,"column":25}},"32":{"start":{"line":33,"column":0},"end":{"line":33,"column":31}},"33":{"start":{"line":34,"column":0},"end":{"line":34,"column":21}},"34":{"start":{"line":35,"column":0},"end":{"line":35,"column":37}},"35":{"start":{"line":36,"column":0},"end":{"line":36,"column":7}},"36":{"start":{"line":37,"column":0},"end":{"line":37,"column":0}},"37":{"start":{"line":38,"column":0},"end":{"line":38,"column":40}},"38":{"start":{"line":39,"column":0},"end":{"line":39,"column":2}}},"s":{"0":0,"1":0,"2":0,"3":0,"4":0,"5":0,"6":0,"7":0,"8":0,"9":0,"10":0,"11":0,"12":0,"13":0,"14":0,"15":0,"16":0,"17":0,"18":0,"19":0,"20":0,"21":0,"22":0,"23":0,"24":0,"25":0,"26":0,"27":0,"28":0,"29":0,"30":0,"31":0,"32":0,"33":0,"34":0,"35":0,"36":0,"37":0,"38":0},"branchMap":{"0":{"type":"branch","line":1,"loc":{"start":{"line":1,"column":0},"end":{"line":39,"column":2}},"locations":[{"start":{"line":1,"column":0},"end":{"line":39,"column":2}}]}},"b":{"0":[0]},"fnMap":{"0":{"name":"(empty-report)","decl":{"start":{"line":1,"column":0},"end":{"line":39,"column":2}},"loc":{"start":{"line":1,"column":0},"end":{"line":39,"column":2}},"line":1}},"f":{"0":0}}
}
